<?xml version="1.0" encoding="UTF-8"?>
<robot generator="Robot 4.0 (Python 3.7.5 on win32)" generated="20210526 09:39:54.534" rpa="true" schemaversion="2">
<suite id="s1" name="Tasks" source="c:\Users\gmell\OneDrive\Rbc-Repo\Robocorp level II certification course\Robot\tasks.robot">
<test id="s1-t1" name="Order robots from RobotSpareBin Industries Inc">
<kw name="Get Secret" library="RPA.Robocloud.Secrets">
<var>${VaultValues}</var>
<arg>website_url</arg>
<doc>Read a secret from the configured source, e.g. Robocloud Vault,
and return it as a ``Secret`` object.</doc>
<msg timestamp="20210526 09:39:55.715" level="INFO">Protecting keyword: rpa.robocloud.secrets.get_secret</msg>
<msg timestamp="20210526 09:39:55.716" level="INFO">Log level changed from NONE to INFO.</msg>
<status status="PASS" starttime="20210526 09:39:55.715" endtime="20210526 09:39:55.716"/>
</kw>
<kw name="Set Variable" library="BuiltIn">
<var>${WEBSITE_URL}</var>
<arg>${VaultValues}[url]</arg>
<doc>Returns the given values which can then be assigned to a variables.</doc>
<msg timestamp="20210526 09:39:55.717" level="INFO">${WEBSITE_URL} = https://robotsparebinindustries.com/#/robot-order</msg>
<status status="PASS" starttime="20210526 09:39:55.716" endtime="20210526 09:39:55.717"/>
</kw>
<kw name="User Input Order URL">
<var>${orderURL}</var>
<kw name="Create Form" library="RPA.Dialogs">
<doc>Create new form</doc>
<status status="PASS" starttime="20210526 09:39:55.717" endtime="20210526 09:39:55.717"/>
</kw>
<kw name="Add Text Input" library="RPA.Dialogs">
<arg>URL</arg>
<arg>Order-Url</arg>
<arg>https://robotsparebinindustries.com/orders.csv</arg>
<doc>Add text input element</doc>
<status status="PASS" starttime="20210526 09:39:55.717" endtime="20210526 09:39:55.718"/>
</kw>
<kw name="Request Response" library="RPA.Dialogs">
<var>&amp;{response}</var>
<doc>Start server and show form. Waits for user response.</doc>
<msg timestamp="20210526 09:39:55.718" level="INFO">Protecting keyword: rpa.dialogs.request_response</msg>
<msg timestamp="20210526 09:40:04.198" level="INFO">Log level changed from NONE to INFO.</msg>
<status status="PASS" starttime="20210526 09:39:55.718" endtime="20210526 09:40:04.198"/>
</kw>
<msg timestamp="20210526 09:40:04.198" level="INFO">${orderURL} = https://robotsparebinindustries.com/orders.csv</msg>
<status status="PASS" starttime="20210526 09:39:55.717" endtime="20210526 09:40:04.198"/>
</kw>
<kw name="Open the robot order website">
<arg>${WEBSITE_URL}</arg>
<kw name="New Browser" library="RPA.Browser.Playwright">
<arg>chromium</arg>
<arg>headless=false</arg>
<tag>BrowserControl</tag>
<tag>Setter</tag>
<doc>Create a new playwright Browser with specified options.
See `Browser, Context and Page` for more information about Browser and related concepts.</doc>
<msg timestamp="20210526 09:40:04.198" level="INFO">{"browser": "chromium", "headless": false, "handleSIGINT": true, "handleSIGTERM": true, "handleSIGHUP": true, "timeout": 30000.0, "devtools": false, "slowMo": 0.0}</msg>
<msg timestamp="20210526 09:40:04.653" level="INFO">Successfully created browser with options: {"browser":"chromium","headless":false,"handleSIGINT":true,"handleSIGTERM":true,"handleSIGHUP":true,"timeout":30000,"devtools":false,"slowMo":0}</msg>
<status status="PASS" starttime="20210526 09:40:04.198" endtime="20210526 09:40:04.654"/>
</kw>
<kw name="New Context" library="RPA.Browser.Playwright">
<arg>viewport={'width': 1920, 'height': 1080}</arg>
<arg>acceptDownloads=true</arg>
<tag>BrowserControl</tag>
<tag>Setter</tag>
<doc>Create a new BrowserContext with specified options.
See `Browser, Context and Page` for more information about BrowserContext.</doc>
<msg timestamp="20210526 09:40:04.655" level="INFO">{"acceptDownloads": true, "ignoreHTTPSErrors": false, "bypassCSP": false, "viewport": {"height": 1080, "width": 1920}, "deviceScaleFactor": 1.0, "isMobile": false, "hasTouch": false, "javaScriptEnabled": true, "offline": false, "hideRfBrowser": false}</msg>
<msg timestamp="20210526 09:40:04.668" level="INFO">Successfully created context with options: {"acceptDownloads":true,"ignoreHTTPSErrors":false,"bypassCSP":false,"viewport":{"height":1080,"width":1920},"deviceScaleFactor":1,"isMobile":false,"hasTouch":false,"javaScriptEnabled":true,"offline":false,"hideRfBrowser":false}</msg>
<status status="PASS" starttime="20210526 09:40:04.654" endtime="20210526 09:40:04.668"/>
</kw>
<kw name="New Page" library="RPA.Browser.Playwright">
<arg>${url}</arg>
<tag>BrowserControl</tag>
<tag>Setter</tag>
<doc>Open a new Page. A Page is the Playwright equivalent to a tab.
See `Browser, Context and Page` for more information about Page concept.
Returns a stable identifier for the created page.</doc>
<msg timestamp="20210526 09:40:06.902" level="INFO">Successfully initialized new page object and opened url: https://robotsparebinindustries.com/#/robot-order</msg>
<status status="PASS" starttime="20210526 09:40:04.668" endtime="20210526 09:40:06.902"/>
</kw>
<status status="PASS" starttime="20210526 09:40:04.198" endtime="20210526 09:40:06.903"/>
</kw>
<kw name="Get Orders">
<var>${orders}</var>
<arg>${orderURL}</arg>
<kw name="Download" library="RPA.HTTP">
<arg>url=${Order_URL}</arg>
<arg>overwrite=True</arg>
<arg>target_file=orders.csv</arg>
<doc>An alias for the ``HTTP Get`` keyword.</doc>
<msg timestamp="20210526 09:40:06.905" level="INFO">Creating a new HTTP session</msg>
<msg timestamp="20210526 09:40:06.905" level="INFO">Creating Session using : alias=rpasession_alias.httpsrobotsparebinindustries.com, url=https://robotsparebinindustries.com, headers={},                     cookies={}, auth=None, timeout=None, proxies=None, verify=True,                     debug=0 </msg>
<msg timestamp="20210526 09:40:07.129" level="INFO">GET Request : url=https://robotsparebinindustries.com/orders.csv 
 path_url=/orders.csv 
 headers={'User-Agent': 'python-requests/2.25.1', 'Accept-Encoding': 'gzip, deflate', 'Accept': '*/*', 'Connection': 'keep-alive'} 
 body=None 
 </msg>
<msg timestamp="20210526 09:40:07.129" level="INFO">GET Response : url=https://robotsparebinindustries.com/orders.csv 
 status=200, reason=OK 
 body=Order number,Head,Body,Legs,Address
1,1,2,3,Address 123
2,4,1,5,Address 456
3,6,2,3,Address 789
4,2,3,2,Address 1
5,3,5,1,Address 2
6,1,6,6,Address 3
7,5,1,5,Address 4
8,2,3,3,Address 5
9,3,2,2,Address 6
10,4,4,2,Address 7
11,6,6,1,Address 8
12,1,3,3,Address 9
13,1,5,4,Address A
14,3,1,5,Address B
15,3,2,6,Address C
16,6,3,6,Address D
17,5,4,1,Address E
18,2,5,1,Address F
19,4,6,2,Address G
20,1,1,5,Address H 
 </msg>
<status status="PASS" starttime="20210526 09:40:06.904" endtime="20210526 09:40:07.130"/>
</kw>
<kw name="Read Table From Csv" library="RPA.Tables">
<var>${orders}</var>
<arg>orders.csv</arg>
<arg>header=True</arg>
<doc>Read a CSV file as a table.</doc>
<msg timestamp="20210526 09:40:07.133" level="INFO">${orders} = Table(columns=['Order number', 'Head', 'Body', 'Legs', 'Address'], rows=20)</msg>
<status status="PASS" starttime="20210526 09:40:07.130" endtime="20210526 09:40:07.133"/>
</kw>
<msg timestamp="20210526 09:40:07.133" level="INFO">${orders} = Table(columns=['Order number', 'Head', 'Body', 'Legs', 'Address'], rows=20)</msg>
<status status="PASS" starttime="20210526 09:40:06.903" endtime="20210526 09:40:07.133"/>
</kw>
<if>
<branch type="IF" condition="${PROCESS_ORDERS} == ${True}">
<for flavor="IN">
<var>${row}</var>
<value>@{orders}</value>
<iter>
<var name="${row}">${row}</var>
<kw name="Close the annoying modal">
<status status="NOT RUN" starttime="20210526 09:40:07.134" endtime="20210526 09:40:07.134"/>
</kw>
<kw name="Fill the form">
<arg>${row}</arg>
<status status="NOT RUN" starttime="20210526 09:40:07.134" endtime="20210526 09:40:07.134"/>
</kw>
<kw name="Preview the robot">
<status status="NOT RUN" starttime="20210526 09:40:07.134" endtime="20210526 09:40:07.134"/>
</kw>
<kw name="Submit the order">
<status status="NOT RUN" starttime="20210526 09:40:07.134" endtime="20210526 09:40:07.134"/>
</kw>
<kw name="Store the receipt as a PDF file">
<var>${pdf}</var>
<arg>${row}[Order number]</arg>
<status status="NOT RUN" starttime="20210526 09:40:07.135" endtime="20210526 09:40:07.135"/>
</kw>
<kw name="Take a screenshot of the robot">
<var>${screenshot}</var>
<arg>${row}[Order number]</arg>
<status status="NOT RUN" starttime="20210526 09:40:07.135" endtime="20210526 09:40:07.135"/>
</kw>
<kw name="Embed the robot screenshot to the receipt PDF file">
<arg>${screenshot}</arg>
<arg>${pdf}</arg>
<status status="NOT RUN" starttime="20210526 09:40:07.135" endtime="20210526 09:40:07.135"/>
</kw>
<kw name="Go to order another robot">
<arg>${WEBSITE_URL}</arg>
<status status="NOT RUN" starttime="20210526 09:40:07.135" endtime="20210526 09:40:07.135"/>
</kw>
<status status="NOT RUN" starttime="20210526 09:40:07.134" endtime="20210526 09:40:07.135"/>
</iter>
<status status="NOT RUN" starttime="20210526 09:40:07.134" endtime="20210526 09:40:07.135"/>
</for>
<status status="NOT RUN" starttime="20210526 09:40:07.133" endtime="20210526 09:40:07.136"/>
</branch>
<status status="PASS" starttime="20210526 09:40:07.133" endtime="20210526 09:40:07.136"/>
</if>
<kw name=" Create a ZIP file of the receipts">
<kw name="Set Variable" library="BuiltIn">
<var>${zip_file_name}</var>
<arg>${OUTPUT_DIR}${/}receipts.zip</arg>
<doc>Returns the given values which can then be assigned to a variables.</doc>
<msg timestamp="20210526 09:40:07.136" level="INFO">${zip_file_name} = c:\Users\gmell\OneDrive\Rbc-Repo\Robocorp level II certification course\receipts.zip</msg>
<status status="PASS" starttime="20210526 09:40:07.136" endtime="20210526 09:40:07.136"/>
</kw>
<kw name="Archive Folder With Zip" library="RPA.Archive">
<arg>${OUTPUT_DIR}${/}receipts</arg>
<arg>${zip_file_name}</arg>
<doc>Create a zip archive of a folder</doc>
<status status="PASS" starttime="20210526 09:40:07.137" endtime="20210526 09:40:07.157"/>
</kw>
<status status="PASS" starttime="20210526 09:40:07.136" endtime="20210526 09:40:07.157"/>
</kw>
<status status="PASS" starttime="20210526 09:39:55.712" endtime="20210526 09:40:07.157"/>
</test>
<test id="s1-t2" name="Minimal task">
<kw name="Log" library="BuiltIn">
<arg>Done.</arg>
<doc>Logs the given message with the given level.</doc>
<msg timestamp="20210526 09:40:07.234" level="INFO">Done.</msg>
<status status="PASS" starttime="20210526 09:40:07.233" endtime="20210526 09:40:07.234"/>
</kw>
<status status="PASS" starttime="20210526 09:40:07.228" endtime="20210526 09:40:07.234"/>
</test>
<doc>Orders robots from RobotSpareBin Industries Inc.
Saves the order HTML receipt as a PDF file.
Saves the screenshot of the ordered robot.
Embeds the screenshot of the robot to the PDF receipt.
Creates ZIP archive of the receipts and the images.</doc>
<status status="PASS" starttime="20210526 09:39:54.535" endtime="20210526 09:40:07.239"/>
</suite>
<statistics>
<total>
<stat pass="2" fail="0" skip="0">All Tasks</stat>
</total>
<tag>
</tag>
<suite>
<stat pass="2" fail="0" skip="0" id="s1" name="Tasks">Tasks</stat>
</suite>
</statistics>
<errors>
</errors>
</robot>
