<?xml version="1.0" encoding="UTF-8"?>
<robot generator="Robot 4.0.3 (Python 3.7.5 on win32)" generated="20210527 10:42:18.620" rpa="true" schemaversion="2">
<suite id="s1" name="Tasks" source="c:\Users\gmell\OneDrive\Rbc-Repo\Robocorp level II certification course\Robot\tasks.robot">
<test id="s1-t1" name="Order robots from RobotSpareBin Industries Inc">
<kw name="Get Secret" library="RPA.Robocloud.Secrets">
<var>${VaultValues}</var>
<arg>website_url</arg>
<doc>Read a secret from the configured source, e.g. Robocloud Vault,
and return it as a ``Secret`` object.</doc>
<msg timestamp="20210527 10:42:20.150" level="INFO">Protecting keyword: rpa.robocloud.secrets.get_secret</msg>
<msg timestamp="20210527 10:42:20.157" level="INFO">Log level changed from NONE to INFO.</msg>
<status status="PASS" starttime="20210527 10:42:20.150" endtime="20210527 10:42:20.157"/>
</kw>
<kw name="Set Variable" library="BuiltIn">
<var>${WEBSITE_URL}</var>
<arg>${VaultValues}[url]</arg>
<doc>Returns the given values which can then be assigned to a variables.</doc>
<msg timestamp="20210527 10:42:20.157" level="INFO">${WEBSITE_URL} = https://robotsparebinindustries.com/#/robot-order</msg>
<status status="PASS" starttime="20210527 10:42:20.157" endtime="20210527 10:42:20.157"/>
</kw>
<kw name="User Input Order URL">
<var>${orderURL}</var>
<kw name="Create Form" library="RPA.Dialogs">
<doc>Create new form</doc>
<status status="PASS" starttime="20210527 10:42:20.157" endtime="20210527 10:42:20.157"/>
</kw>
<kw name="Add Text Input" library="RPA.Dialogs">
<arg>URL</arg>
<arg>Order-Url</arg>
<arg>https://robotsparebinindustries.com/orders.csv</arg>
<doc>Add text input element</doc>
<status status="PASS" starttime="20210527 10:42:20.157" endtime="20210527 10:42:20.157"/>
</kw>
<kw name="Request Response" library="RPA.Dialogs">
<var>&amp;{response}</var>
<doc>Start server and show form. Waits for user response.</doc>
<msg timestamp="20210527 10:42:20.157" level="INFO">Protecting keyword: rpa.dialogs.request_response</msg>
<msg timestamp="20210527 10:42:43.908" level="INFO">Log level changed from NONE to INFO.</msg>
<status status="PASS" starttime="20210527 10:42:20.157" endtime="20210527 10:42:43.908"/>
</kw>
<msg timestamp="20210527 10:42:43.911" level="INFO">${orderURL} = https://robotsparebinindustries.com/orders.csv</msg>
<status status="PASS" starttime="20210527 10:42:20.157" endtime="20210527 10:42:43.911"/>
</kw>
<kw name="Open the robot order website">
<arg>${WEBSITE_URL}</arg>
<kw name="New Browser" library="RPA.Browser.Playwright">
<arg>chromium</arg>
<arg>headless=false</arg>
<tag>BrowserControl</tag>
<tag>Setter</tag>
<doc>Create a new playwright Browser with specified options.
See `Browser, Context and Page` for more information about Browser and related concepts.</doc>
<msg timestamp="20210527 10:42:43.911" level="INFO">{"browser": "chromium", "headless": false, "handleSIGINT": true, "handleSIGTERM": true, "handleSIGHUP": true, "timeout": 30000.0, "devtools": false, "slowMo": 0.0}</msg>
<msg timestamp="20210527 10:42:45.415" level="INFO">Successfully created browser with options: {"browser":"chromium","headless":false,"handleSIGINT":true,"handleSIGTERM":true,"handleSIGHUP":true,"timeout":30000,"devtools":false,"slowMo":0}</msg>
<status status="PASS" starttime="20210527 10:42:43.911" endtime="20210527 10:42:45.415"/>
</kw>
<kw name="New Context" library="RPA.Browser.Playwright">
<arg>viewport={'width': 1920, 'height': 1080}</arg>
<arg>acceptDownloads=true</arg>
<tag>BrowserControl</tag>
<tag>Setter</tag>
<doc>Create a new BrowserContext with specified options.
See `Browser, Context and Page` for more information about BrowserContext.</doc>
<msg timestamp="20210527 10:42:45.415" level="INFO">{"acceptDownloads": true, "ignoreHTTPSErrors": false, "bypassCSP": false, "viewport": {"width": 1920, "height": 1080}, "deviceScaleFactor": 1.0, "isMobile": false, "hasTouch": false, "javaScriptEnabled": true, "offline": false, "hideRfBrowser": false}</msg>
<msg timestamp="20210527 10:42:45.509" level="INFO">Successfully created context with  options:
{"acceptDownloads": true, "ignoreHTTPSErrors": false, "bypassCSP": false, "viewport": {"width": 1920, "height": 1080}, "deviceScaleFactor": 1, "isMobile": false, "hasTouch": false, "javaScriptEnabled": true, "offline": false, "hideRfBrowser": false}</msg>
<status status="PASS" starttime="20210527 10:42:45.415" endtime="20210527 10:42:45.509"/>
</kw>
<kw name="New Page" library="RPA.Browser.Playwright">
<arg>${url}</arg>
<tag>BrowserControl</tag>
<tag>Setter</tag>
<doc>Open a new Page. A Page is the Playwright equivalent to a tab.
See `Browser, Context and Page` for more information about Page concept.
Returns a stable identifier for the created page.</doc>
<msg timestamp="20210527 10:42:47.521" level="INFO">Successfully initialized new page object and opened url: https://robotsparebinindustries.com/#/robot-order</msg>
<status status="PASS" starttime="20210527 10:42:45.509" endtime="20210527 10:42:47.522"/>
</kw>
<status status="PASS" starttime="20210527 10:42:43.911" endtime="20210527 10:42:47.522"/>
</kw>
<kw name="Get Orders">
<var>${orders}</var>
<arg>${orderURL}</arg>
<kw name="Download" library="RPA.HTTP">
<arg>url=${Order_URL}</arg>
<arg>overwrite=True</arg>
<arg>target_file=orders.csv</arg>
<doc>An alias for the ``HTTP Get`` keyword.</doc>
<msg timestamp="20210527 10:42:47.523" level="INFO">Creating a new HTTP session</msg>
<msg timestamp="20210527 10:42:47.523" level="INFO">Creating Session using : alias=rpasession_alias.httpsrobotsparebinindustries.com, url=https://robotsparebinindustries.com, headers={},                     cookies={}, auth=None, timeout=None, proxies=None, verify=True,                     debug=0 </msg>
<msg timestamp="20210527 10:42:47.783" level="INFO">GET Request : url=https://robotsparebinindustries.com/orders.csv 
 path_url=/orders.csv 
 headers={'User-Agent': 'python-requests/2.25.1', 'Accept-Encoding': 'gzip, deflate', 'Accept': '*/*', 'Connection': 'keep-alive'} 
 body=None 
 </msg>
<msg timestamp="20210527 10:42:47.783" level="INFO">GET Response : url=https://robotsparebinindustries.com/orders.csv 
 status=200, reason=OK 
 body=Order number,Head,Body,Legs,Address
1,1,2,3,Address 123
2,4,1,5,Address 456
3,6,2,3,Address 789
4,2,3,2,Address 1
5,3,5,1,Address 2
6,1,6,6,Address 3
7,5,1,5,Address 4
8,2,3,3,Address 5
9,3,2,2,Address 6
10,4,4,2,Address 7
11,6,6,1,Address 8
12,1,3,3,Address 9
13,1,5,4,Address A
14,3,1,5,Address B
15,3,2,6,Address C
16,6,3,6,Address D
17,5,4,1,Address E
18,2,5,1,Address F
19,4,6,2,Address G
20,1,1,5,Address H 
 </msg>
<status status="PASS" starttime="20210527 10:42:47.523" endtime="20210527 10:42:47.783"/>
</kw>
<kw name="Read Table From Csv" library="RPA.Tables">
<var>${orders}</var>
<arg>orders.csv</arg>
<arg>header=True</arg>
<doc>Read a CSV file as a table.</doc>
<msg timestamp="20210527 10:42:47.783" level="INFO">${orders} = Table(columns=['Order number', 'Head', 'Body', 'Legs', 'Address'], rows=20)</msg>
<status status="PASS" starttime="20210527 10:42:47.783" endtime="20210527 10:42:47.783"/>
</kw>
<msg timestamp="20210527 10:42:47.783" level="INFO">${orders} = Table(columns=['Order number', 'Head', 'Body', 'Legs', 'Address'], rows=20)</msg>
<status status="PASS" starttime="20210527 10:42:47.522" endtime="20210527 10:42:47.783"/>
</kw>
<if>
<branch type="IF" condition="${PROCESS_ORDERS} == ${True}">
<for flavor="IN">
<var>${row}</var>
<value>@{orders}</value>
<iter>
<var name="${row}">{'Order number': '1', 'Head': '1', 'Body': '2', 'Legs': '3', 'Address': 'Address 123'}</var>
<kw name="Close the annoying modal">
<kw name="Click" library="RPA.Browser.Playwright">
<arg>text="OK"</arg>
<tag>PageContent</tag>
<tag>Setter</tag>
<doc>Simulates mouse click on the element found by ``selector``.</doc>
<status status="PASS" starttime="20210527 10:42:47.783" endtime="20210527 10:42:47.898"/>
</kw>
<status status="PASS" starttime="20210527 10:42:47.783" endtime="20210527 10:42:47.898"/>
</kw>
<kw name="Fill the form">
<arg>${row}</arg>
<kw name="Log" library="BuiltIn">
<arg>${row}[Order number]</arg>
<doc>Logs the given message with the given level.</doc>
<msg timestamp="20210527 10:42:47.898" level="INFO">1</msg>
<status status="PASS" starttime="20210527 10:42:47.898" endtime="20210527 10:42:47.898"/>
</kw>
<kw name="Select Options By" library="RPA.Browser.Playwright">
<arg>css=#head</arg>
<arg>value</arg>
<arg>${row}[Head]</arg>
<tag>PageContent</tag>
<tag>Setter</tag>
<doc>Selects options from select element found by ``selector``.</doc>
<status status="PASS" starttime="20210527 10:42:47.898" endtime="20210527 10:42:47.921"/>
</kw>
<kw name="Catenate" library="BuiltIn">
<var>${BodyRadioButton}</var>
<arg>SEPARATOR=</arg>
<arg>id-body-</arg>
<arg>${row}[Body]</arg>
<doc>Catenates the given items together and returns the resulted string.</doc>
<msg timestamp="20210527 10:42:47.921" level="INFO">${BodyRadioButton} = id-body-2</msg>
<status status="PASS" starttime="20210527 10:42:47.921" endtime="20210527 10:42:47.921"/>
</kw>
<kw name="Check Checkbox" library="RPA.Browser.Playwright">
<arg>//*[@id="${BodyRadioButton}"]</arg>
<tag>PageContent</tag>
<tag>Setter</tag>
<doc>Checks the checkbox or selects radio button found by ``selector``.</doc>
<status status="PASS" starttime="20210527 10:42:47.921" endtime="20210527 10:42:47.962"/>
</kw>
<kw name="Type Text" library="RPA.Browser.Playwright">
<arg>//*[@id="address"]</arg>
<arg>${row}[Address]</arg>
<tag>PageContent</tag>
<tag>Setter</tag>
<doc>Types the given ``txt`` into the text field found by ``selector``.</doc>
<msg timestamp="20210527 10:42:47.963" level="INFO">Types the text 'Address 123' in the given field.</msg>
<status status="PASS" starttime="20210527 10:42:47.963" endtime="20210527 10:42:48.012"/>
</kw>
<kw name="Keyboard Key" library="RPA.Browser.Playwright">
<arg>down</arg>
<arg>Shift</arg>
<tag>PageContent</tag>
<tag>Setter</tag>
<doc>Press a keyboard key on the virtual keyboard or set a key up or down.</doc>
<status status="PASS" starttime="20210527 10:42:48.012" endtime="20210527 10:42:48.017"/>
</kw>
<kw name="Keyboard Key" library="RPA.Browser.Playwright">
<arg>down</arg>
<arg>Tab</arg>
<tag>PageContent</tag>
<tag>Setter</tag>
<doc>Press a keyboard key on the virtual keyboard or set a key up or down.</doc>
<status status="PASS" starttime="20210527 10:42:48.018" endtime="20210527 10:42:48.024"/>
</kw>
<kw name="Keyboard Key" library="RPA.Browser.Playwright">
<arg>up</arg>
<arg>Shift</arg>
<tag>PageContent</tag>
<tag>Setter</tag>
<doc>Press a keyboard key on the virtual keyboard or set a key up or down.</doc>
<status status="PASS" starttime="20210527 10:42:48.024" endtime="20210527 10:42:48.027"/>
</kw>
<kw name="Keyboard Input" library="RPA.Browser.Playwright">
<arg>type</arg>
<arg>${row}[Legs]</arg>
<tag>PageContent</tag>
<tag>Setter</tag>
<doc>Input text into page with virtual keyboard.</doc>
<status status="PASS" starttime="20210527 10:42:48.027" endtime="20210527 10:42:48.033"/>
</kw>
<status status="PASS" starttime="20210527 10:42:47.898" endtime="20210527 10:42:48.034"/>
</kw>
<kw name="Preview the robot">
<kw name="Click" library="RPA.Browser.Playwright">
<arg>//*[@id="preview"]</arg>
<tag>PageContent</tag>
<tag>Setter</tag>
<doc>Simulates mouse click on the element found by ``selector``.</doc>
<status status="PASS" starttime="20210527 10:42:48.035" endtime="20210527 10:42:48.088"/>
</kw>
<status status="PASS" starttime="20210527 10:42:48.034" endtime="20210527 10:42:48.088"/>
</kw>
<kw name="Submit the order">
<kw name="Wait Until Keyword Succeeds" library="BuiltIn">
<arg>10x</arg>
<arg>1 s</arg>
<arg>Submit the order and read expected order info</arg>
<doc>Runs the specified keyword and retries if it fails.</doc>
<kw name="Submit the order and read expected order info">
<kw name="Click" library="RPA.Browser.Playwright">
<arg>//*[@id="order"]</arg>
<tag>PageContent</tag>
<tag>Setter</tag>
<doc>Simulates mouse click on the element found by ``selector``.</doc>
<status status="PASS" starttime="20210527 10:42:48.089" endtime="20210527 10:42:48.137"/>
</kw>
<kw name="Get Property" library="RPA.Browser.Playwright">
<var>${order_results_html}</var>
<arg>//*[@id="receipt"]</arg>
<arg>outerHTML</arg>
<tag>Assertion</tag>
<tag>Getter</tag>
<tag>PageContent</tag>
<doc>Returns the ``property`` of the element found by ``selector``.</doc>
<msg timestamp="20210527 10:42:48.155" level="INFO">${order_results_html} = &lt;div id="receipt" class="alert alert-success" role="alert"&gt;&lt;h3&gt;Receipt&lt;/h3&gt;&lt;div&gt;2021-05-27T08:42:48.124Z&lt;/div&gt;&lt;p class="badge badge-success"&gt;RSB-ROBO-ORDER-09MO0P81A&lt;/p&gt;&lt;p&gt;Address 123&lt;/p&gt;&lt;div id="part...</msg>
<status status="PASS" starttime="20210527 10:42:48.137" endtime="20210527 10:42:48.156"/>
</kw>
<status status="PASS" starttime="20210527 10:42:48.089" endtime="20210527 10:42:48.156"/>
</kw>
<status status="PASS" starttime="20210527 10:42:48.089" endtime="20210527 10:42:48.156"/>
</kw>
<status status="PASS" starttime="20210527 10:42:48.088" endtime="20210527 10:42:48.156"/>
</kw>
<kw name="Store the receipt as a PDF file">
<var>${pdf}</var>
<arg>${row}[Order number]</arg>
<kw name="Maak directory als die nog niet bestaat">
<var>${TargetDirectory}</var>
<arg>receipts</arg>
<kw name="Catenate" library="BuiltIn">
<var>${TargetDirectory}</var>
<arg>SEPARATOR=</arg>
<arg>${OUTPUT_DIR}${/}</arg>
<arg>${DirectoryNaam}</arg>
<doc>Catenates the given items together and returns the resulted string.</doc>
<msg timestamp="20210527 10:42:48.157" level="INFO">${TargetDirectory} = c:\Users\gmell\OneDrive\Rbc-Repo\Robocorp level II certification course\receipts</msg>
<status status="PASS" starttime="20210527 10:42:48.157" endtime="20210527 10:42:48.157"/>
</kw>
<kw name="Does Directory Exist" library="RPA.FileSystem">
<var>${DirectoryExists}</var>
<arg>${TargetDirectory}</arg>
<doc>Returns True if the given directory exists, False if not.</doc>
<msg timestamp="20210527 10:42:48.158" level="INFO">${DirectoryExists} = True</msg>
<status status="PASS" starttime="20210527 10:42:48.157" endtime="20210527 10:42:48.158"/>
</kw>
<if>
<branch type="IF" condition="${DirectoryExists} == ${False}">
<kw name="Create Directory" library="RPA.FileSystem">
<arg>${TargetDirectory}</arg>
<doc>Creates a directory and (optionally) non-existing parent directories.</doc>
<status status="NOT RUN" starttime="20210527 10:42:48.159" endtime="20210527 10:42:48.159"/>
</kw>
<status status="NOT RUN" starttime="20210527 10:42:48.159" endtime="20210527 10:42:48.159"/>
</branch>
<status status="PASS" starttime="20210527 10:42:48.158" endtime="20210527 10:42:48.159"/>
</if>
<msg timestamp="20210527 10:42:48.159" level="INFO">${TargetDirectory} = c:\Users\gmell\OneDrive\Rbc-Repo\Robocorp level II certification course\receipts</msg>
<status status="PASS" starttime="20210527 10:42:48.157" endtime="20210527 10:42:48.159"/>
</kw>
<kw name="Get Property" library="RPA.Browser.Playwright">
<var>${order_results_html}</var>
<arg>//*[@id="receipt"]</arg>
<arg>outerHTML</arg>
<tag>Assertion</tag>
<tag>Getter</tag>
<tag>PageContent</tag>
<doc>Returns the ``property`` of the element found by ``selector``.</doc>
<msg timestamp="20210527 10:42:48.171" level="INFO">${order_results_html} = &lt;div id="receipt" class="alert alert-success" role="alert"&gt;&lt;h3&gt;Receipt&lt;/h3&gt;&lt;div&gt;2021-05-27T08:42:48.124Z&lt;/div&gt;&lt;p class="badge badge-success"&gt;RSB-ROBO-ORDER-09MO0P81A&lt;/p&gt;&lt;p&gt;Address 123&lt;/p&gt;&lt;div id="part...</msg>
<status status="PASS" starttime="20210527 10:42:48.159" endtime="20210527 10:42:48.171"/>
</kw>
<kw name="Html To Pdf" library="RPA.PDF">
<arg>${order_results_html}</arg>
<arg>${TargetDirectory}${/}${Ordernumber}.pdf</arg>
<doc>Generate a PDF file from HTML content.</doc>
<msg timestamp="20210527 10:42:48.172" level="INFO">Writing output to file c:\Users\gmell\OneDrive\Rbc-Repo\Robocorp level II certification course\receipts\1.pdf</msg>
<status status="PASS" starttime="20210527 10:42:48.172" endtime="20210527 10:42:48.175"/>
</kw>
<msg timestamp="20210527 10:42:48.176" level="INFO">${pdf} = c:\Users\gmell\OneDrive\Rbc-Repo\Robocorp level II certification course\receipts\1.pdf</msg>
<status status="PASS" starttime="20210527 10:42:48.156" endtime="20210527 10:42:48.176"/>
</kw>
<kw name="Take a screenshot of the robot">
<var>${screenshot}</var>
<arg>${row}[Order number]</arg>
<kw name="Maak directory als die nog niet bestaat">
<var>${TargetDirectory}</var>
<arg>screenshots</arg>
<kw name="Catenate" library="BuiltIn">
<var>${TargetDirectory}</var>
<arg>SEPARATOR=</arg>
<arg>${OUTPUT_DIR}${/}</arg>
<arg>${DirectoryNaam}</arg>
<doc>Catenates the given items together and returns the resulted string.</doc>
<msg timestamp="20210527 10:42:48.177" level="INFO">${TargetDirectory} = c:\Users\gmell\OneDrive\Rbc-Repo\Robocorp level II certification course\screenshots</msg>
<status status="PASS" starttime="20210527 10:42:48.177" endtime="20210527 10:42:48.177"/>
</kw>
<kw name="Does Directory Exist" library="RPA.FileSystem">
<var>${DirectoryExists}</var>
<arg>${TargetDirectory}</arg>
<doc>Returns True if the given directory exists, False if not.</doc>
<msg timestamp="20210527 10:42:48.178" level="INFO">${DirectoryExists} = True</msg>
<status status="PASS" starttime="20210527 10:42:48.177" endtime="20210527 10:42:48.178"/>
</kw>
<if>
<branch type="IF" condition="${DirectoryExists} == ${False}">
<kw name="Create Directory" library="RPA.FileSystem">
<arg>${TargetDirectory}</arg>
<doc>Creates a directory and (optionally) non-existing parent directories.</doc>
<status status="NOT RUN" starttime="20210527 10:42:48.179" endtime="20210527 10:42:48.179"/>
</kw>
<status status="NOT RUN" starttime="20210527 10:42:48.179" endtime="20210527 10:42:48.179"/>
</branch>
<status status="PASS" starttime="20210527 10:42:48.178" endtime="20210527 10:42:48.179"/>
</if>
<msg timestamp="20210527 10:42:48.179" level="INFO">${TargetDirectory} = c:\Users\gmell\OneDrive\Rbc-Repo\Robocorp level II certification course\screenshots</msg>
<status status="PASS" starttime="20210527 10:42:48.176" endtime="20210527 10:42:48.179"/>
</kw>
<kw name="Take Screenshot" library="RPA.Browser.Playwright">
<arg>${TargetDirectory}${/}${Ordernumber}</arg>
<arg>//*[@id="robot-preview-image"]</arg>
<tag>PageContent</tag>
<doc>Takes a screenshot of the current window and saves it.</doc>
<msg timestamp="20210527 10:42:48.327" level="INFO" html="true">&lt;/td&gt;&lt;/tr&gt;&lt;tr&gt;&lt;td colspan="3"&gt;&lt;a href="screenshots/1.png"&gt;&lt;img src="screenshots/1.png" width="800px"&gt;&lt;/a&gt;</msg>
<status status="PASS" starttime="20210527 10:42:48.179" endtime="20210527 10:42:48.327"/>
</kw>
<msg timestamp="20210527 10:42:48.328" level="INFO">${screenshot} = c:\Users\gmell\OneDrive\Rbc-Repo\Robocorp level II certification course\screenshots\1.PNG</msg>
<status status="PASS" starttime="20210527 10:42:48.176" endtime="20210527 10:42:48.328"/>
</kw>
<kw name="Embed the robot screenshot to the receipt PDF file">
<arg>${screenshot}</arg>
<arg>${pdf}</arg>
<kw name="Create List" library="BuiltIn">
<var>${files}</var>
<arg>${pdf}</arg>
<arg>${screenshot}:x=0,y=0</arg>
<doc>Returns a list containing given items.</doc>
<msg timestamp="20210527 10:42:48.328" level="INFO">${files} = ['c:\\Users\\gmell\\OneDrive\\Rbc-Repo\\Robocorp level II certification course\\receipts\\1.pdf', 'c:\\Users\\gmell\\OneDrive\\Rbc-Repo\\Robocorp level II certification course\\screenshots\\1.PNG:x=0,...</msg>
<status status="PASS" starttime="20210527 10:42:48.328" endtime="20210527 10:42:48.329"/>
</kw>
<kw name="Add Files To Pdf" library="RPA.PDF">
<arg>${files}</arg>
<arg>${pdf}</arg>
<doc>Add images and/or pdfs to new PDF document</doc>
<msg timestamp="20210527 10:42:48.329" level="INFO">File c:\Users\gmell\OneDrive\Rbc-Repo\Robocorp level II certification course\receipts\1.pdf type: None</msg>
<msg timestamp="20210527 10:42:48.335" level="INFO">File c:\Users\gmell\OneDrive\Rbc-Repo\Robocorp level II certification course\screenshots\1.PNG type: png</msg>
<msg timestamp="20210527 10:42:48.335" level="INFO">Image parameters: {'x': '0', 'y': '0'}</msg>
<status status="PASS" starttime="20210527 10:42:48.329" endtime="20210527 10:42:48.391"/>
</kw>
<status status="PASS" starttime="20210527 10:42:48.328" endtime="20210527 10:42:48.392"/>
</kw>
<kw name="Go to order another robot">
<arg>${WEBSITE_URL}</arg>
<kw name="Go To" library="RPA.Browser.Playwright">
<arg>${url}</arg>
<tag>BrowserControl</tag>
<tag>Setter</tag>
<doc>Navigates to the given ``url``.</doc>
<msg timestamp="20210527 10:42:48.459" level="INFO">Succesfully opened URL https://robotsparebinindustries.com/#/robot-order</msg>
<status status="PASS" starttime="20210527 10:42:48.392" endtime="20210527 10:42:48.459"/>
</kw>
<status status="PASS" starttime="20210527 10:42:48.392" endtime="20210527 10:42:48.459"/>
</kw>
<status status="PASS" starttime="20210527 10:42:47.783" endtime="20210527 10:42:48.459"/>
</iter>
<iter>
<var name="${row}">{'Order number': '2', 'Head': '4', 'Body': '1', 'Legs': '5', 'Address': 'Address 456'}</var>
<kw name="Close the annoying modal">
<kw name="Click" library="RPA.Browser.Playwright">
<arg>text="OK"</arg>
<tag>PageContent</tag>
<tag>Setter</tag>
<doc>Simulates mouse click on the element found by ``selector``.</doc>
<status status="PASS" starttime="20210527 10:42:48.461" endtime="20210527 10:42:48.510"/>
</kw>
<status status="PASS" starttime="20210527 10:42:48.460" endtime="20210527 10:42:48.511"/>
</kw>
<kw name="Fill the form">
<arg>${row}</arg>
<kw name="Log" library="BuiltIn">
<arg>${row}[Order number]</arg>
<doc>Logs the given message with the given level.</doc>
<msg timestamp="20210527 10:42:48.512" level="INFO">2</msg>
<status status="PASS" starttime="20210527 10:42:48.511" endtime="20210527 10:42:48.512"/>
</kw>
<kw name="Select Options By" library="RPA.Browser.Playwright">
<arg>css=#head</arg>
<arg>value</arg>
<arg>${row}[Head]</arg>
<tag>PageContent</tag>
<tag>Setter</tag>
<doc>Selects options from select element found by ``selector``.</doc>
<status status="PASS" starttime="20210527 10:42:48.512" endtime="20210527 10:42:48.523"/>
</kw>
<kw name="Catenate" library="BuiltIn">
<var>${BodyRadioButton}</var>
<arg>SEPARATOR=</arg>
<arg>id-body-</arg>
<arg>${row}[Body]</arg>
<doc>Catenates the given items together and returns the resulted string.</doc>
<msg timestamp="20210527 10:42:48.524" level="INFO">${BodyRadioButton} = id-body-1</msg>
<status status="PASS" starttime="20210527 10:42:48.524" endtime="20210527 10:42:48.524"/>
</kw>
<kw name="Check Checkbox" library="RPA.Browser.Playwright">
<arg>//*[@id="${BodyRadioButton}"]</arg>
<tag>PageContent</tag>
<tag>Setter</tag>
<doc>Checks the checkbox or selects radio button found by ``selector``.</doc>
<status status="PASS" starttime="20210527 10:42:48.524" endtime="20210527 10:42:48.559"/>
</kw>
<kw name="Type Text" library="RPA.Browser.Playwright">
<arg>//*[@id="address"]</arg>
<arg>${row}[Address]</arg>
<tag>PageContent</tag>
<tag>Setter</tag>
<doc>Types the given ``txt`` into the text field found by ``selector``.</doc>
<msg timestamp="20210527 10:42:48.559" level="INFO">Types the text 'Address 456' in the given field.</msg>
<status status="PASS" starttime="20210527 10:42:48.559" endtime="20210527 10:42:48.600"/>
</kw>
<kw name="Keyboard Key" library="RPA.Browser.Playwright">
<arg>down</arg>
<arg>Shift</arg>
<tag>PageContent</tag>
<tag>Setter</tag>
<doc>Press a keyboard key on the virtual keyboard or set a key up or down.</doc>
<status status="PASS" starttime="20210527 10:42:48.600" endtime="20210527 10:42:48.604"/>
</kw>
<kw name="Keyboard Key" library="RPA.Browser.Playwright">
<arg>down</arg>
<arg>Tab</arg>
<tag>PageContent</tag>
<tag>Setter</tag>
<doc>Press a keyboard key on the virtual keyboard or set a key up or down.</doc>
<status status="PASS" starttime="20210527 10:42:48.605" endtime="20210527 10:42:48.609"/>
</kw>
<kw name="Keyboard Key" library="RPA.Browser.Playwright">
<arg>up</arg>
<arg>Shift</arg>
<tag>PageContent</tag>
<tag>Setter</tag>
<doc>Press a keyboard key on the virtual keyboard or set a key up or down.</doc>
<status status="PASS" starttime="20210527 10:42:48.610" endtime="20210527 10:42:48.612"/>
</kw>
<kw name="Keyboard Input" library="RPA.Browser.Playwright">
<arg>type</arg>
<arg>${row}[Legs]</arg>
<tag>PageContent</tag>
<tag>Setter</tag>
<doc>Input text into page with virtual keyboard.</doc>
<status status="PASS" starttime="20210527 10:42:48.612" endtime="20210527 10:42:48.618"/>
</kw>
<status status="PASS" starttime="20210527 10:42:48.511" endtime="20210527 10:42:48.619"/>
</kw>
<kw name="Preview the robot">
<kw name="Click" library="RPA.Browser.Playwright">
<arg>//*[@id="preview"]</arg>
<tag>PageContent</tag>
<tag>Setter</tag>
<doc>Simulates mouse click on the element found by ``selector``.</doc>
<status status="PASS" starttime="20210527 10:42:48.620" endtime="20210527 10:42:48.663"/>
</kw>
<status status="PASS" starttime="20210527 10:42:48.619" endtime="20210527 10:42:48.663"/>
</kw>
<kw name="Submit the order">
<kw name="Wait Until Keyword Succeeds" library="BuiltIn">
<arg>10x</arg>
<arg>1 s</arg>
<arg>Submit the order and read expected order info</arg>
<doc>Runs the specified keyword and retries if it fails.</doc>
<kw name="Submit the order and read expected order info">
<kw name="Click" library="RPA.Browser.Playwright">
<arg>//*[@id="order"]</arg>
<tag>PageContent</tag>
<tag>Setter</tag>
<doc>Simulates mouse click on the element found by ``selector``.</doc>
<status status="PASS" starttime="20210527 10:42:48.664" endtime="20210527 10:42:48.711"/>
</kw>
<kw name="Get Property" library="RPA.Browser.Playwright">
<var>${order_results_html}</var>
<arg>//*[@id="receipt"]</arg>
<arg>outerHTML</arg>
<tag>Assertion</tag>
<tag>Getter</tag>
<tag>PageContent</tag>
<doc>Returns the ``property`` of the element found by ``selector``.</doc>
<msg timestamp="20210527 10:42:48.729" level="INFO">${order_results_html} = &lt;div id="receipt" class="alert alert-success" role="alert"&gt;&lt;h3&gt;Receipt&lt;/h3&gt;&lt;div&gt;2021-05-27T08:42:48.707Z&lt;/div&gt;&lt;p class="badge badge-success"&gt;RSB-ROBO-ORDER-4LGZL5O0S6&lt;/p&gt;&lt;p&gt;Address 456&lt;/p&gt;&lt;div id="par...</msg>
<status status="PASS" starttime="20210527 10:42:48.712" endtime="20210527 10:42:48.729"/>
</kw>
<status status="PASS" starttime="20210527 10:42:48.664" endtime="20210527 10:42:48.729"/>
</kw>
<status status="PASS" starttime="20210527 10:42:48.664" endtime="20210527 10:42:48.729"/>
</kw>
<status status="PASS" starttime="20210527 10:42:48.663" endtime="20210527 10:42:48.729"/>
</kw>
<kw name="Store the receipt as a PDF file">
<var>${pdf}</var>
<arg>${row}[Order number]</arg>
<kw name="Maak directory als die nog niet bestaat">
<var>${TargetDirectory}</var>
<arg>receipts</arg>
<kw name="Catenate" library="BuiltIn">
<var>${TargetDirectory}</var>
<arg>SEPARATOR=</arg>
<arg>${OUTPUT_DIR}${/}</arg>
<arg>${DirectoryNaam}</arg>
<doc>Catenates the given items together and returns the resulted string.</doc>
<msg timestamp="20210527 10:42:48.731" level="INFO">${TargetDirectory} = c:\Users\gmell\OneDrive\Rbc-Repo\Robocorp level II certification course\receipts</msg>
<status status="PASS" starttime="20210527 10:42:48.730" endtime="20210527 10:42:48.731"/>
</kw>
<kw name="Does Directory Exist" library="RPA.FileSystem">
<var>${DirectoryExists}</var>
<arg>${TargetDirectory}</arg>
<doc>Returns True if the given directory exists, False if not.</doc>
<msg timestamp="20210527 10:42:48.732" level="INFO">${DirectoryExists} = True</msg>
<status status="PASS" starttime="20210527 10:42:48.731" endtime="20210527 10:42:48.732"/>
</kw>
<if>
<branch type="IF" condition="${DirectoryExists} == ${False}">
<kw name="Create Directory" library="RPA.FileSystem">
<arg>${TargetDirectory}</arg>
<doc>Creates a directory and (optionally) non-existing parent directories.</doc>
<status status="NOT RUN" starttime="20210527 10:42:48.732" endtime="20210527 10:42:48.732"/>
</kw>
<status status="NOT RUN" starttime="20210527 10:42:48.732" endtime="20210527 10:42:48.732"/>
</branch>
<status status="PASS" starttime="20210527 10:42:48.732" endtime="20210527 10:42:48.732"/>
</if>
<msg timestamp="20210527 10:42:48.733" level="INFO">${TargetDirectory} = c:\Users\gmell\OneDrive\Rbc-Repo\Robocorp level II certification course\receipts</msg>
<status status="PASS" starttime="20210527 10:42:48.730" endtime="20210527 10:42:48.733"/>
</kw>
<kw name="Get Property" library="RPA.Browser.Playwright">
<var>${order_results_html}</var>
<arg>//*[@id="receipt"]</arg>
<arg>outerHTML</arg>
<tag>Assertion</tag>
<tag>Getter</tag>
<tag>PageContent</tag>
<doc>Returns the ``property`` of the element found by ``selector``.</doc>
<msg timestamp="20210527 10:42:48.745" level="INFO">${order_results_html} = &lt;div id="receipt" class="alert alert-success" role="alert"&gt;&lt;h3&gt;Receipt&lt;/h3&gt;&lt;div&gt;2021-05-27T08:42:48.707Z&lt;/div&gt;&lt;p class="badge badge-success"&gt;RSB-ROBO-ORDER-4LGZL5O0S6&lt;/p&gt;&lt;p&gt;Address 456&lt;/p&gt;&lt;div id="par...</msg>
<status status="PASS" starttime="20210527 10:42:48.733" endtime="20210527 10:42:48.745"/>
</kw>
<kw name="Html To Pdf" library="RPA.PDF">
<arg>${order_results_html}</arg>
<arg>${TargetDirectory}${/}${Ordernumber}.pdf</arg>
<doc>Generate a PDF file from HTML content.</doc>
<msg timestamp="20210527 10:42:48.746" level="INFO">Writing output to file c:\Users\gmell\OneDrive\Rbc-Repo\Robocorp level II certification course\receipts\2.pdf</msg>
<status status="PASS" starttime="20210527 10:42:48.746" endtime="20210527 10:42:48.748"/>
</kw>
<msg timestamp="20210527 10:42:48.748" level="INFO">${pdf} = c:\Users\gmell\OneDrive\Rbc-Repo\Robocorp level II certification course\receipts\2.pdf</msg>
<status status="PASS" starttime="20210527 10:42:48.729" endtime="20210527 10:42:48.748"/>
</kw>
<kw name="Take a screenshot of the robot">
<var>${screenshot}</var>
<arg>${row}[Order number]</arg>
<kw name="Maak directory als die nog niet bestaat">
<var>${TargetDirectory}</var>
<arg>screenshots</arg>
<kw name="Catenate" library="BuiltIn">
<var>${TargetDirectory}</var>
<arg>SEPARATOR=</arg>
<arg>${OUTPUT_DIR}${/}</arg>
<arg>${DirectoryNaam}</arg>
<doc>Catenates the given items together and returns the resulted string.</doc>
<msg timestamp="20210527 10:42:48.750" level="INFO">${TargetDirectory} = c:\Users\gmell\OneDrive\Rbc-Repo\Robocorp level II certification course\screenshots</msg>
<status status="PASS" starttime="20210527 10:42:48.749" endtime="20210527 10:42:48.750"/>
</kw>
<kw name="Does Directory Exist" library="RPA.FileSystem">
<var>${DirectoryExists}</var>
<arg>${TargetDirectory}</arg>
<doc>Returns True if the given directory exists, False if not.</doc>
<msg timestamp="20210527 10:42:48.751" level="INFO">${DirectoryExists} = True</msg>
<status status="PASS" starttime="20210527 10:42:48.750" endtime="20210527 10:42:48.751"/>
</kw>
<if>
<branch type="IF" condition="${DirectoryExists} == ${False}">
<kw name="Create Directory" library="RPA.FileSystem">
<arg>${TargetDirectory}</arg>
<doc>Creates a directory and (optionally) non-existing parent directories.</doc>
<status status="NOT RUN" starttime="20210527 10:42:48.751" endtime="20210527 10:42:48.751"/>
</kw>
<status status="NOT RUN" starttime="20210527 10:42:48.751" endtime="20210527 10:42:48.751"/>
</branch>
<status status="PASS" starttime="20210527 10:42:48.751" endtime="20210527 10:42:48.752"/>
</if>
<msg timestamp="20210527 10:42:48.752" level="INFO">${TargetDirectory} = c:\Users\gmell\OneDrive\Rbc-Repo\Robocorp level II certification course\screenshots</msg>
<status status="PASS" starttime="20210527 10:42:48.749" endtime="20210527 10:42:48.752"/>
</kw>
<kw name="Take Screenshot" library="RPA.Browser.Playwright">
<arg>${TargetDirectory}${/}${Ordernumber}</arg>
<arg>//*[@id="robot-preview-image"]</arg>
<tag>PageContent</tag>
<doc>Takes a screenshot of the current window and saves it.</doc>
<msg timestamp="20210527 10:42:48.886" level="INFO" html="true">&lt;/td&gt;&lt;/tr&gt;&lt;tr&gt;&lt;td colspan="3"&gt;&lt;a href="screenshots/2.png"&gt;&lt;img src="screenshots/2.png" width="800px"&gt;&lt;/a&gt;</msg>
<status status="PASS" starttime="20210527 10:42:48.752" endtime="20210527 10:42:48.886"/>
</kw>
<msg timestamp="20210527 10:42:48.886" level="INFO">${screenshot} = c:\Users\gmell\OneDrive\Rbc-Repo\Robocorp level II certification course\screenshots\2.PNG</msg>
<status status="PASS" starttime="20210527 10:42:48.748" endtime="20210527 10:42:48.886"/>
</kw>
<kw name="Embed the robot screenshot to the receipt PDF file">
<arg>${screenshot}</arg>
<arg>${pdf}</arg>
<kw name="Create List" library="BuiltIn">
<var>${files}</var>
<arg>${pdf}</arg>
<arg>${screenshot}:x=0,y=0</arg>
<doc>Returns a list containing given items.</doc>
<msg timestamp="20210527 10:42:48.887" level="INFO">${files} = ['c:\\Users\\gmell\\OneDrive\\Rbc-Repo\\Robocorp level II certification course\\receipts\\2.pdf', 'c:\\Users\\gmell\\OneDrive\\Rbc-Repo\\Robocorp level II certification course\\screenshots\\2.PNG:x=0,...</msg>
<status status="PASS" starttime="20210527 10:42:48.887" endtime="20210527 10:42:48.887"/>
</kw>
<kw name="Add Files To Pdf" library="RPA.PDF">
<arg>${files}</arg>
<arg>${pdf}</arg>
<doc>Add images and/or pdfs to new PDF document</doc>
<msg timestamp="20210527 10:42:48.888" level="INFO">File c:\Users\gmell\OneDrive\Rbc-Repo\Robocorp level II certification course\receipts\2.pdf type: None</msg>
<msg timestamp="20210527 10:42:48.891" level="INFO">File c:\Users\gmell\OneDrive\Rbc-Repo\Robocorp level II certification course\screenshots\2.PNG type: png</msg>
<msg timestamp="20210527 10:42:48.891" level="INFO">Image parameters: {'x': '0', 'y': '0'}</msg>
<status status="PASS" starttime="20210527 10:42:48.887" endtime="20210527 10:42:48.909"/>
</kw>
<status status="PASS" starttime="20210527 10:42:48.886" endtime="20210527 10:42:48.909"/>
</kw>
<kw name="Go to order another robot">
<arg>${WEBSITE_URL}</arg>
<kw name="Go To" library="RPA.Browser.Playwright">
<arg>${url}</arg>
<tag>BrowserControl</tag>
<tag>Setter</tag>
<doc>Navigates to the given ``url``.</doc>
<msg timestamp="20210527 10:42:48.971" level="INFO">Succesfully opened URL https://robotsparebinindustries.com/#/robot-order</msg>
<status status="PASS" starttime="20210527 10:42:48.910" endtime="20210527 10:42:48.971"/>
</kw>
<status status="PASS" starttime="20210527 10:42:48.909" endtime="20210527 10:42:48.972"/>
</kw>
<status status="PASS" starttime="20210527 10:42:48.460" endtime="20210527 10:42:48.972"/>
</iter>
<iter>
<var name="${row}">{'Order number': '3', 'Head': '6', 'Body': '2', 'Legs': '3', 'Address': 'Address 789'}</var>
<kw name="Close the annoying modal">
<kw name="Click" library="RPA.Browser.Playwright">
<arg>text="OK"</arg>
<tag>PageContent</tag>
<tag>Setter</tag>
<doc>Simulates mouse click on the element found by ``selector``.</doc>
<status status="PASS" starttime="20210527 10:42:48.973" endtime="20210527 10:42:49.028"/>
</kw>
<status status="PASS" starttime="20210527 10:42:48.972" endtime="20210527 10:42:49.028"/>
</kw>
<kw name="Fill the form">
<arg>${row}</arg>
<kw name="Log" library="BuiltIn">
<arg>${row}[Order number]</arg>
<doc>Logs the given message with the given level.</doc>
<msg timestamp="20210527 10:42:49.029" level="INFO">3</msg>
<status status="PASS" starttime="20210527 10:42:49.029" endtime="20210527 10:42:49.029"/>
</kw>
<kw name="Select Options By" library="RPA.Browser.Playwright">
<arg>css=#head</arg>
<arg>value</arg>
<arg>${row}[Head]</arg>
<tag>PageContent</tag>
<tag>Setter</tag>
<doc>Selects options from select element found by ``selector``.</doc>
<status status="PASS" starttime="20210527 10:42:49.029" endtime="20210527 10:42:49.043"/>
</kw>
<kw name="Catenate" library="BuiltIn">
<var>${BodyRadioButton}</var>
<arg>SEPARATOR=</arg>
<arg>id-body-</arg>
<arg>${row}[Body]</arg>
<doc>Catenates the given items together and returns the resulted string.</doc>
<msg timestamp="20210527 10:42:49.043" level="INFO">${BodyRadioButton} = id-body-2</msg>
<status status="PASS" starttime="20210527 10:42:49.043" endtime="20210527 10:42:49.043"/>
</kw>
<kw name="Check Checkbox" library="RPA.Browser.Playwright">
<arg>//*[@id="${BodyRadioButton}"]</arg>
<tag>PageContent</tag>
<tag>Setter</tag>
<doc>Checks the checkbox or selects radio button found by ``selector``.</doc>
<status status="PASS" starttime="20210527 10:42:49.044" endtime="20210527 10:42:49.094"/>
</kw>
<kw name="Type Text" library="RPA.Browser.Playwright">
<arg>//*[@id="address"]</arg>
<arg>${row}[Address]</arg>
<tag>PageContent</tag>
<tag>Setter</tag>
<doc>Types the given ``txt`` into the text field found by ``selector``.</doc>
<msg timestamp="20210527 10:42:49.094" level="INFO">Types the text 'Address 789' in the given field.</msg>
<status status="PASS" starttime="20210527 10:42:49.094" endtime="20210527 10:42:49.126"/>
</kw>
<kw name="Keyboard Key" library="RPA.Browser.Playwright">
<arg>down</arg>
<arg>Shift</arg>
<tag>PageContent</tag>
<tag>Setter</tag>
<doc>Press a keyboard key on the virtual keyboard or set a key up or down.</doc>
<status status="PASS" starttime="20210527 10:42:49.126" endtime="20210527 10:42:49.129"/>
</kw>
<kw name="Keyboard Key" library="RPA.Browser.Playwright">
<arg>down</arg>
<arg>Tab</arg>
<tag>PageContent</tag>
<tag>Setter</tag>
<doc>Press a keyboard key on the virtual keyboard or set a key up or down.</doc>
<status status="PASS" starttime="20210527 10:42:49.129" endtime="20210527 10:42:49.134"/>
</kw>
<kw name="Keyboard Key" library="RPA.Browser.Playwright">
<arg>up</arg>
<arg>Shift</arg>
<tag>PageContent</tag>
<tag>Setter</tag>
<doc>Press a keyboard key on the virtual keyboard or set a key up or down.</doc>
<status status="PASS" starttime="20210527 10:42:49.134" endtime="20210527 10:42:49.139"/>
</kw>
<kw name="Keyboard Input" library="RPA.Browser.Playwright">
<arg>type</arg>
<arg>${row}[Legs]</arg>
<tag>PageContent</tag>
<tag>Setter</tag>
<doc>Input text into page with virtual keyboard.</doc>
<status status="PASS" starttime="20210527 10:42:49.139" endtime="20210527 10:42:49.143"/>
</kw>
<status status="PASS" starttime="20210527 10:42:49.028" endtime="20210527 10:42:49.143"/>
</kw>
<kw name="Preview the robot">
<kw name="Click" library="RPA.Browser.Playwright">
<arg>//*[@id="preview"]</arg>
<tag>PageContent</tag>
<tag>Setter</tag>
<doc>Simulates mouse click on the element found by ``selector``.</doc>
<status status="PASS" starttime="20210527 10:42:49.144" endtime="20210527 10:42:49.203"/>
</kw>
<status status="PASS" starttime="20210527 10:42:49.143" endtime="20210527 10:42:49.203"/>
</kw>
<kw name="Submit the order">
<kw name="Wait Until Keyword Succeeds" library="BuiltIn">
<arg>10x</arg>
<arg>1 s</arg>
<arg>Submit the order and read expected order info</arg>
<doc>Runs the specified keyword and retries if it fails.</doc>
<kw name="Submit the order and read expected order info">
<kw name="Click" library="RPA.Browser.Playwright">
<arg>//*[@id="order"]</arg>
<tag>PageContent</tag>
<tag>Setter</tag>
<doc>Simulates mouse click on the element found by ``selector``.</doc>
<status status="PASS" starttime="20210527 10:42:49.204" endtime="20210527 10:42:49.246"/>
</kw>
<kw name="Get Property" library="RPA.Browser.Playwright">
<var>${order_results_html}</var>
<arg>//*[@id="receipt"]</arg>
<arg>outerHTML</arg>
<tag>Assertion</tag>
<tag>Getter</tag>
<tag>PageContent</tag>
<doc>Returns the ``property`` of the element found by ``selector``.</doc>
<msg timestamp="20210527 10:42:49.262" level="INFO">${order_results_html} = &lt;div id="receipt" class="alert alert-success" role="alert"&gt;&lt;h3&gt;Receipt&lt;/h3&gt;&lt;div&gt;2021-05-27T08:42:49.242Z&lt;/div&gt;&lt;p class="badge badge-success"&gt;RSB-ROBO-ORDER-0YSZ578JZ&lt;/p&gt;&lt;p&gt;Address 789&lt;/p&gt;&lt;div id="part...</msg>
<status status="PASS" starttime="20210527 10:42:49.247" endtime="20210527 10:42:49.262"/>
</kw>
<status status="PASS" starttime="20210527 10:42:49.204" endtime="20210527 10:42:49.262"/>
</kw>
<status status="PASS" starttime="20210527 10:42:49.203" endtime="20210527 10:42:49.262"/>
</kw>
<status status="PASS" starttime="20210527 10:42:49.203" endtime="20210527 10:42:49.262"/>
</kw>
<kw name="Store the receipt as a PDF file">
<var>${pdf}</var>
<arg>${row}[Order number]</arg>
<kw name="Maak directory als die nog niet bestaat">
<var>${TargetDirectory}</var>
<arg>receipts</arg>
<kw name="Catenate" library="BuiltIn">
<var>${TargetDirectory}</var>
<arg>SEPARATOR=</arg>
<arg>${OUTPUT_DIR}${/}</arg>
<arg>${DirectoryNaam}</arg>
<doc>Catenates the given items together and returns the resulted string.</doc>
<msg timestamp="20210527 10:42:49.264" level="INFO">${TargetDirectory} = c:\Users\gmell\OneDrive\Rbc-Repo\Robocorp level II certification course\receipts</msg>
<status status="PASS" starttime="20210527 10:42:49.263" endtime="20210527 10:42:49.264"/>
</kw>
<kw name="Does Directory Exist" library="RPA.FileSystem">
<var>${DirectoryExists}</var>
<arg>${TargetDirectory}</arg>
<doc>Returns True if the given directory exists, False if not.</doc>
<msg timestamp="20210527 10:42:49.265" level="INFO">${DirectoryExists} = True</msg>
<status status="PASS" starttime="20210527 10:42:49.264" endtime="20210527 10:42:49.265"/>
</kw>
<if>
<branch type="IF" condition="${DirectoryExists} == ${False}">
<kw name="Create Directory" library="RPA.FileSystem">
<arg>${TargetDirectory}</arg>
<doc>Creates a directory and (optionally) non-existing parent directories.</doc>
<status status="NOT RUN" starttime="20210527 10:42:49.265" endtime="20210527 10:42:49.265"/>
</kw>
<status status="NOT RUN" starttime="20210527 10:42:49.265" endtime="20210527 10:42:49.265"/>
</branch>
<status status="PASS" starttime="20210527 10:42:49.265" endtime="20210527 10:42:49.266"/>
</if>
<msg timestamp="20210527 10:42:49.266" level="INFO">${TargetDirectory} = c:\Users\gmell\OneDrive\Rbc-Repo\Robocorp level II certification course\receipts</msg>
<status status="PASS" starttime="20210527 10:42:49.263" endtime="20210527 10:42:49.266"/>
</kw>
<kw name="Get Property" library="RPA.Browser.Playwright">
<var>${order_results_html}</var>
<arg>//*[@id="receipt"]</arg>
<arg>outerHTML</arg>
<tag>Assertion</tag>
<tag>Getter</tag>
<tag>PageContent</tag>
<doc>Returns the ``property`` of the element found by ``selector``.</doc>
<msg timestamp="20210527 10:42:49.277" level="INFO">${order_results_html} = &lt;div id="receipt" class="alert alert-success" role="alert"&gt;&lt;h3&gt;Receipt&lt;/h3&gt;&lt;div&gt;2021-05-27T08:42:49.242Z&lt;/div&gt;&lt;p class="badge badge-success"&gt;RSB-ROBO-ORDER-0YSZ578JZ&lt;/p&gt;&lt;p&gt;Address 789&lt;/p&gt;&lt;div id="part...</msg>
<status status="PASS" starttime="20210527 10:42:49.266" endtime="20210527 10:42:49.277"/>
</kw>
<kw name="Html To Pdf" library="RPA.PDF">
<arg>${order_results_html}</arg>
<arg>${TargetDirectory}${/}${Ordernumber}.pdf</arg>
<doc>Generate a PDF file from HTML content.</doc>
<msg timestamp="20210527 10:42:49.277" level="INFO">Writing output to file c:\Users\gmell\OneDrive\Rbc-Repo\Robocorp level II certification course\receipts\3.pdf</msg>
<status status="PASS" starttime="20210527 10:42:49.277" endtime="20210527 10:42:49.279"/>
</kw>
<msg timestamp="20210527 10:42:49.280" level="INFO">${pdf} = c:\Users\gmell\OneDrive\Rbc-Repo\Robocorp level II certification course\receipts\3.pdf</msg>
<status status="PASS" starttime="20210527 10:42:49.263" endtime="20210527 10:42:49.280"/>
</kw>
<kw name="Take a screenshot of the robot">
<var>${screenshot}</var>
<arg>${row}[Order number]</arg>
<kw name="Maak directory als die nog niet bestaat">
<var>${TargetDirectory}</var>
<arg>screenshots</arg>
<kw name="Catenate" library="BuiltIn">
<var>${TargetDirectory}</var>
<arg>SEPARATOR=</arg>
<arg>${OUTPUT_DIR}${/}</arg>
<arg>${DirectoryNaam}</arg>
<doc>Catenates the given items together and returns the resulted string.</doc>
<msg timestamp="20210527 10:42:49.281" level="INFO">${TargetDirectory} = c:\Users\gmell\OneDrive\Rbc-Repo\Robocorp level II certification course\screenshots</msg>
<status status="PASS" starttime="20210527 10:42:49.280" endtime="20210527 10:42:49.281"/>
</kw>
<kw name="Does Directory Exist" library="RPA.FileSystem">
<var>${DirectoryExists}</var>
<arg>${TargetDirectory}</arg>
<doc>Returns True if the given directory exists, False if not.</doc>
<msg timestamp="20210527 10:42:49.282" level="INFO">${DirectoryExists} = True</msg>
<status status="PASS" starttime="20210527 10:42:49.281" endtime="20210527 10:42:49.282"/>
</kw>
<if>
<branch type="IF" condition="${DirectoryExists} == ${False}">
<kw name="Create Directory" library="RPA.FileSystem">
<arg>${TargetDirectory}</arg>
<doc>Creates a directory and (optionally) non-existing parent directories.</doc>
<status status="NOT RUN" starttime="20210527 10:42:49.282" endtime="20210527 10:42:49.282"/>
</kw>
<status status="NOT RUN" starttime="20210527 10:42:49.282" endtime="20210527 10:42:49.282"/>
</branch>
<status status="PASS" starttime="20210527 10:42:49.282" endtime="20210527 10:42:49.283"/>
</if>
<msg timestamp="20210527 10:42:49.283" level="INFO">${TargetDirectory} = c:\Users\gmell\OneDrive\Rbc-Repo\Robocorp level II certification course\screenshots</msg>
<status status="PASS" starttime="20210527 10:42:49.280" endtime="20210527 10:42:49.283"/>
</kw>
<kw name="Take Screenshot" library="RPA.Browser.Playwright">
<arg>${TargetDirectory}${/}${Ordernumber}</arg>
<arg>//*[@id="robot-preview-image"]</arg>
<tag>PageContent</tag>
<doc>Takes a screenshot of the current window and saves it.</doc>
<msg timestamp="20210527 10:42:49.431" level="INFO" html="true">&lt;/td&gt;&lt;/tr&gt;&lt;tr&gt;&lt;td colspan="3"&gt;&lt;a href="screenshots/3.png"&gt;&lt;img src="screenshots/3.png" width="800px"&gt;&lt;/a&gt;</msg>
<status status="PASS" starttime="20210527 10:42:49.283" endtime="20210527 10:42:49.431"/>
</kw>
<msg timestamp="20210527 10:42:49.432" level="INFO">${screenshot} = c:\Users\gmell\OneDrive\Rbc-Repo\Robocorp level II certification course\screenshots\3.PNG</msg>
<status status="PASS" starttime="20210527 10:42:49.280" endtime="20210527 10:42:49.432"/>
</kw>
<kw name="Embed the robot screenshot to the receipt PDF file">
<arg>${screenshot}</arg>
<arg>${pdf}</arg>
<kw name="Create List" library="BuiltIn">
<var>${files}</var>
<arg>${pdf}</arg>
<arg>${screenshot}:x=0,y=0</arg>
<doc>Returns a list containing given items.</doc>
<msg timestamp="20210527 10:42:49.433" level="INFO">${files} = ['c:\\Users\\gmell\\OneDrive\\Rbc-Repo\\Robocorp level II certification course\\receipts\\3.pdf', 'c:\\Users\\gmell\\OneDrive\\Rbc-Repo\\Robocorp level II certification course\\screenshots\\3.PNG:x=0,...</msg>
<status status="PASS" starttime="20210527 10:42:49.432" endtime="20210527 10:42:49.433"/>
</kw>
<kw name="Add Files To Pdf" library="RPA.PDF">
<arg>${files}</arg>
<arg>${pdf}</arg>
<doc>Add images and/or pdfs to new PDF document</doc>
<msg timestamp="20210527 10:42:49.434" level="INFO">File c:\Users\gmell\OneDrive\Rbc-Repo\Robocorp level II certification course\receipts\3.pdf type: None</msg>
<msg timestamp="20210527 10:42:49.438" level="INFO">File c:\Users\gmell\OneDrive\Rbc-Repo\Robocorp level II certification course\screenshots\3.PNG type: png</msg>
<msg timestamp="20210527 10:42:49.438" level="INFO">Image parameters: {'x': '0', 'y': '0'}</msg>
<status status="PASS" starttime="20210527 10:42:49.433" endtime="20210527 10:42:49.461"/>
</kw>
<status status="PASS" starttime="20210527 10:42:49.432" endtime="20210527 10:42:49.461"/>
</kw>
<kw name="Go to order another robot">
<arg>${WEBSITE_URL}</arg>
<kw name="Go To" library="RPA.Browser.Playwright">
<arg>${url}</arg>
<tag>BrowserControl</tag>
<tag>Setter</tag>
<doc>Navigates to the given ``url``.</doc>
<msg timestamp="20210527 10:42:49.514" level="INFO">Succesfully opened URL https://robotsparebinindustries.com/#/robot-order</msg>
<status status="PASS" starttime="20210527 10:42:49.461" endtime="20210527 10:42:49.514"/>
</kw>
<status status="PASS" starttime="20210527 10:42:49.461" endtime="20210527 10:42:49.515"/>
</kw>
<status status="PASS" starttime="20210527 10:42:48.972" endtime="20210527 10:42:49.515"/>
</iter>
<iter>
<var name="${row}">{'Order number': '4', 'Head': '2', 'Body': '3', 'Legs': '2', 'Address': 'Address 1'}</var>
<kw name="Close the annoying modal">
<kw name="Click" library="RPA.Browser.Playwright">
<arg>text="OK"</arg>
<tag>PageContent</tag>
<tag>Setter</tag>
<doc>Simulates mouse click on the element found by ``selector``.</doc>
<status status="PASS" starttime="20210527 10:42:49.516" endtime="20210527 10:42:49.563"/>
</kw>
<status status="PASS" starttime="20210527 10:42:49.516" endtime="20210527 10:42:49.563"/>
</kw>
<kw name="Fill the form">
<arg>${row}</arg>
<kw name="Log" library="BuiltIn">
<arg>${row}[Order number]</arg>
<doc>Logs the given message with the given level.</doc>
<msg timestamp="20210527 10:42:49.564" level="INFO">4</msg>
<status status="PASS" starttime="20210527 10:42:49.563" endtime="20210527 10:42:49.564"/>
</kw>
<kw name="Select Options By" library="RPA.Browser.Playwright">
<arg>css=#head</arg>
<arg>value</arg>
<arg>${row}[Head]</arg>
<tag>PageContent</tag>
<tag>Setter</tag>
<doc>Selects options from select element found by ``selector``.</doc>
<status status="PASS" starttime="20210527 10:42:49.564" endtime="20210527 10:42:49.576"/>
</kw>
<kw name="Catenate" library="BuiltIn">
<var>${BodyRadioButton}</var>
<arg>SEPARATOR=</arg>
<arg>id-body-</arg>
<arg>${row}[Body]</arg>
<doc>Catenates the given items together and returns the resulted string.</doc>
<msg timestamp="20210527 10:42:49.577" level="INFO">${BodyRadioButton} = id-body-3</msg>
<status status="PASS" starttime="20210527 10:42:49.577" endtime="20210527 10:42:49.577"/>
</kw>
<kw name="Check Checkbox" library="RPA.Browser.Playwright">
<arg>//*[@id="${BodyRadioButton}"]</arg>
<tag>PageContent</tag>
<tag>Setter</tag>
<doc>Checks the checkbox or selects radio button found by ``selector``.</doc>
<status status="PASS" starttime="20210527 10:42:49.577" endtime="20210527 10:42:49.627"/>
</kw>
<kw name="Type Text" library="RPA.Browser.Playwright">
<arg>//*[@id="address"]</arg>
<arg>${row}[Address]</arg>
<tag>PageContent</tag>
<tag>Setter</tag>
<doc>Types the given ``txt`` into the text field found by ``selector``.</doc>
<msg timestamp="20210527 10:42:49.627" level="INFO">Types the text 'Address 1' in the given field.</msg>
<status status="PASS" starttime="20210527 10:42:49.627" endtime="20210527 10:42:49.659"/>
</kw>
<kw name="Keyboard Key" library="RPA.Browser.Playwright">
<arg>down</arg>
<arg>Shift</arg>
<tag>PageContent</tag>
<tag>Setter</tag>
<doc>Press a keyboard key on the virtual keyboard or set a key up or down.</doc>
<status status="PASS" starttime="20210527 10:42:49.659" endtime="20210527 10:42:49.662"/>
</kw>
<kw name="Keyboard Key" library="RPA.Browser.Playwright">
<arg>down</arg>
<arg>Tab</arg>
<tag>PageContent</tag>
<tag>Setter</tag>
<doc>Press a keyboard key on the virtual keyboard or set a key up or down.</doc>
<status status="PASS" starttime="20210527 10:42:49.662" endtime="20210527 10:42:49.666"/>
</kw>
<kw name="Keyboard Key" library="RPA.Browser.Playwright">
<arg>up</arg>
<arg>Shift</arg>
<tag>PageContent</tag>
<tag>Setter</tag>
<doc>Press a keyboard key on the virtual keyboard or set a key up or down.</doc>
<status status="PASS" starttime="20210527 10:42:49.666" endtime="20210527 10:42:49.671"/>
</kw>
<kw name="Keyboard Input" library="RPA.Browser.Playwright">
<arg>type</arg>
<arg>${row}[Legs]</arg>
<tag>PageContent</tag>
<tag>Setter</tag>
<doc>Input text into page with virtual keyboard.</doc>
<status status="PASS" starttime="20210527 10:42:49.672" endtime="20210527 10:42:49.675"/>
</kw>
<status status="PASS" starttime="20210527 10:42:49.563" endtime="20210527 10:42:49.675"/>
</kw>
<kw name="Preview the robot">
<kw name="Click" library="RPA.Browser.Playwright">
<arg>//*[@id="preview"]</arg>
<tag>PageContent</tag>
<tag>Setter</tag>
<doc>Simulates mouse click on the element found by ``selector``.</doc>
<status status="PASS" starttime="20210527 10:42:49.675" endtime="20210527 10:42:49.715"/>
</kw>
<status status="PASS" starttime="20210527 10:42:49.675" endtime="20210527 10:42:49.716"/>
</kw>
<kw name="Submit the order">
<kw name="Wait Until Keyword Succeeds" library="BuiltIn">
<arg>10x</arg>
<arg>1 s</arg>
<arg>Submit the order and read expected order info</arg>
<doc>Runs the specified keyword and retries if it fails.</doc>
<kw name="Submit the order and read expected order info">
<kw name="Click" library="RPA.Browser.Playwright">
<arg>//*[@id="order"]</arg>
<tag>PageContent</tag>
<tag>Setter</tag>
<doc>Simulates mouse click on the element found by ``selector``.</doc>
<status status="PASS" starttime="20210527 10:42:49.716" endtime="20210527 10:42:49.762"/>
</kw>
<kw name="Get Property" library="RPA.Browser.Playwright">
<var>${order_results_html}</var>
<arg>//*[@id="receipt"]</arg>
<arg>outerHTML</arg>
<tag>Assertion</tag>
<tag>Getter</tag>
<tag>PageContent</tag>
<doc>Returns the ``property`` of the element found by ``selector``.</doc>
<msg timestamp="20210527 10:42:49.778" level="INFO">${order_results_html} = &lt;div id="receipt" class="alert alert-success" role="alert"&gt;&lt;h3&gt;Receipt&lt;/h3&gt;&lt;div&gt;2021-05-27T08:42:49.758Z&lt;/div&gt;&lt;p class="badge badge-success"&gt;RSB-ROBO-ORDER-PXLX75X9EE&lt;/p&gt;&lt;p&gt;Address 1&lt;/p&gt;&lt;div id="parts...</msg>
<status status="PASS" starttime="20210527 10:42:49.762" endtime="20210527 10:42:49.778"/>
</kw>
<status status="PASS" starttime="20210527 10:42:49.716" endtime="20210527 10:42:49.778"/>
</kw>
<status status="PASS" starttime="20210527 10:42:49.716" endtime="20210527 10:42:49.778"/>
</kw>
<status status="PASS" starttime="20210527 10:42:49.716" endtime="20210527 10:42:49.778"/>
</kw>
<kw name="Store the receipt as a PDF file">
<var>${pdf}</var>
<arg>${row}[Order number]</arg>
<kw name="Maak directory als die nog niet bestaat">
<var>${TargetDirectory}</var>
<arg>receipts</arg>
<kw name="Catenate" library="BuiltIn">
<var>${TargetDirectory}</var>
<arg>SEPARATOR=</arg>
<arg>${OUTPUT_DIR}${/}</arg>
<arg>${DirectoryNaam}</arg>
<doc>Catenates the given items together and returns the resulted string.</doc>
<msg timestamp="20210527 10:42:49.779" level="INFO">${TargetDirectory} = c:\Users\gmell\OneDrive\Rbc-Repo\Robocorp level II certification course\receipts</msg>
<status status="PASS" starttime="20210527 10:42:49.779" endtime="20210527 10:42:49.779"/>
</kw>
<kw name="Does Directory Exist" library="RPA.FileSystem">
<var>${DirectoryExists}</var>
<arg>${TargetDirectory}</arg>
<doc>Returns True if the given directory exists, False if not.</doc>
<msg timestamp="20210527 10:42:49.780" level="INFO">${DirectoryExists} = True</msg>
<status status="PASS" starttime="20210527 10:42:49.779" endtime="20210527 10:42:49.780"/>
</kw>
<if>
<branch type="IF" condition="${DirectoryExists} == ${False}">
<kw name="Create Directory" library="RPA.FileSystem">
<arg>${TargetDirectory}</arg>
<doc>Creates a directory and (optionally) non-existing parent directories.</doc>
<status status="NOT RUN" starttime="20210527 10:42:49.781" endtime="20210527 10:42:49.781"/>
</kw>
<status status="NOT RUN" starttime="20210527 10:42:49.781" endtime="20210527 10:42:49.781"/>
</branch>
<status status="PASS" starttime="20210527 10:42:49.780" endtime="20210527 10:42:49.781"/>
</if>
<msg timestamp="20210527 10:42:49.781" level="INFO">${TargetDirectory} = c:\Users\gmell\OneDrive\Rbc-Repo\Robocorp level II certification course\receipts</msg>
<status status="PASS" starttime="20210527 10:42:49.779" endtime="20210527 10:42:49.781"/>
</kw>
<kw name="Get Property" library="RPA.Browser.Playwright">
<var>${order_results_html}</var>
<arg>//*[@id="receipt"]</arg>
<arg>outerHTML</arg>
<tag>Assertion</tag>
<tag>Getter</tag>
<tag>PageContent</tag>
<doc>Returns the ``property`` of the element found by ``selector``.</doc>
<msg timestamp="20210527 10:42:49.793" level="INFO">${order_results_html} = &lt;div id="receipt" class="alert alert-success" role="alert"&gt;&lt;h3&gt;Receipt&lt;/h3&gt;&lt;div&gt;2021-05-27T08:42:49.758Z&lt;/div&gt;&lt;p class="badge badge-success"&gt;RSB-ROBO-ORDER-PXLX75X9EE&lt;/p&gt;&lt;p&gt;Address 1&lt;/p&gt;&lt;div id="parts...</msg>
<status status="PASS" starttime="20210527 10:42:49.781" endtime="20210527 10:42:49.793"/>
</kw>
<kw name="Html To Pdf" library="RPA.PDF">
<arg>${order_results_html}</arg>
<arg>${TargetDirectory}${/}${Ordernumber}.pdf</arg>
<doc>Generate a PDF file from HTML content.</doc>
<msg timestamp="20210527 10:42:49.794" level="INFO">Writing output to file c:\Users\gmell\OneDrive\Rbc-Repo\Robocorp level II certification course\receipts\4.pdf</msg>
<status status="PASS" starttime="20210527 10:42:49.794" endtime="20210527 10:42:49.796"/>
</kw>
<msg timestamp="20210527 10:42:49.796" level="INFO">${pdf} = c:\Users\gmell\OneDrive\Rbc-Repo\Robocorp level II certification course\receipts\4.pdf</msg>
<status status="PASS" starttime="20210527 10:42:49.778" endtime="20210527 10:42:49.796"/>
</kw>
<kw name="Take a screenshot of the robot">
<var>${screenshot}</var>
<arg>${row}[Order number]</arg>
<kw name="Maak directory als die nog niet bestaat">
<var>${TargetDirectory}</var>
<arg>screenshots</arg>
<kw name="Catenate" library="BuiltIn">
<var>${TargetDirectory}</var>
<arg>SEPARATOR=</arg>
<arg>${OUTPUT_DIR}${/}</arg>
<arg>${DirectoryNaam}</arg>
<doc>Catenates the given items together and returns the resulted string.</doc>
<msg timestamp="20210527 10:42:49.798" level="INFO">${TargetDirectory} = c:\Users\gmell\OneDrive\Rbc-Repo\Robocorp level II certification course\screenshots</msg>
<status status="PASS" starttime="20210527 10:42:49.797" endtime="20210527 10:42:49.798"/>
</kw>
<kw name="Does Directory Exist" library="RPA.FileSystem">
<var>${DirectoryExists}</var>
<arg>${TargetDirectory}</arg>
<doc>Returns True if the given directory exists, False if not.</doc>
<msg timestamp="20210527 10:42:49.799" level="INFO">${DirectoryExists} = True</msg>
<status status="PASS" starttime="20210527 10:42:49.798" endtime="20210527 10:42:49.799"/>
</kw>
<if>
<branch type="IF" condition="${DirectoryExists} == ${False}">
<kw name="Create Directory" library="RPA.FileSystem">
<arg>${TargetDirectory}</arg>
<doc>Creates a directory and (optionally) non-existing parent directories.</doc>
<status status="NOT RUN" starttime="20210527 10:42:49.799" endtime="20210527 10:42:49.799"/>
</kw>
<status status="NOT RUN" starttime="20210527 10:42:49.799" endtime="20210527 10:42:49.799"/>
</branch>
<status status="PASS" starttime="20210527 10:42:49.799" endtime="20210527 10:42:49.799"/>
</if>
<msg timestamp="20210527 10:42:49.800" level="INFO">${TargetDirectory} = c:\Users\gmell\OneDrive\Rbc-Repo\Robocorp level II certification course\screenshots</msg>
<status status="PASS" starttime="20210527 10:42:49.797" endtime="20210527 10:42:49.800"/>
</kw>
<kw name="Take Screenshot" library="RPA.Browser.Playwright">
<arg>${TargetDirectory}${/}${Ordernumber}</arg>
<arg>//*[@id="robot-preview-image"]</arg>
<tag>PageContent</tag>
<doc>Takes a screenshot of the current window and saves it.</doc>
<msg timestamp="20210527 10:42:49.911" level="INFO" html="true">&lt;/td&gt;&lt;/tr&gt;&lt;tr&gt;&lt;td colspan="3"&gt;&lt;a href="screenshots/4.png"&gt;&lt;img src="screenshots/4.png" width="800px"&gt;&lt;/a&gt;</msg>
<status status="PASS" starttime="20210527 10:42:49.800" endtime="20210527 10:42:49.912"/>
</kw>
<msg timestamp="20210527 10:42:49.912" level="INFO">${screenshot} = c:\Users\gmell\OneDrive\Rbc-Repo\Robocorp level II certification course\screenshots\4.PNG</msg>
<status status="PASS" starttime="20210527 10:42:49.797" endtime="20210527 10:42:49.912"/>
</kw>
<kw name="Embed the robot screenshot to the receipt PDF file">
<arg>${screenshot}</arg>
<arg>${pdf}</arg>
<kw name="Create List" library="BuiltIn">
<var>${files}</var>
<arg>${pdf}</arg>
<arg>${screenshot}:x=0,y=0</arg>
<doc>Returns a list containing given items.</doc>
<msg timestamp="20210527 10:42:49.913" level="INFO">${files} = ['c:\\Users\\gmell\\OneDrive\\Rbc-Repo\\Robocorp level II certification course\\receipts\\4.pdf', 'c:\\Users\\gmell\\OneDrive\\Rbc-Repo\\Robocorp level II certification course\\screenshots\\4.PNG:x=0,...</msg>
<status status="PASS" starttime="20210527 10:42:49.913" endtime="20210527 10:42:49.913"/>
</kw>
<kw name="Add Files To Pdf" library="RPA.PDF">
<arg>${files}</arg>
<arg>${pdf}</arg>
<doc>Add images and/or pdfs to new PDF document</doc>
<msg timestamp="20210527 10:42:49.914" level="INFO">File c:\Users\gmell\OneDrive\Rbc-Repo\Robocorp level II certification course\receipts\4.pdf type: None</msg>
<msg timestamp="20210527 10:42:49.918" level="INFO">File c:\Users\gmell\OneDrive\Rbc-Repo\Robocorp level II certification course\screenshots\4.PNG type: png</msg>
<msg timestamp="20210527 10:42:49.918" level="INFO">Image parameters: {'x': '0', 'y': '0'}</msg>
<status status="PASS" starttime="20210527 10:42:49.913" endtime="20210527 10:42:49.925"/>
</kw>
<status status="PASS" starttime="20210527 10:42:49.912" endtime="20210527 10:42:49.925"/>
</kw>
<kw name="Go to order another robot">
<arg>${WEBSITE_URL}</arg>
<kw name="Go To" library="RPA.Browser.Playwright">
<arg>${url}</arg>
<tag>BrowserControl</tag>
<tag>Setter</tag>
<doc>Navigates to the given ``url``.</doc>
<msg timestamp="20210527 10:42:49.981" level="INFO">Succesfully opened URL https://robotsparebinindustries.com/#/robot-order</msg>
<status status="PASS" starttime="20210527 10:42:49.926" endtime="20210527 10:42:49.981"/>
</kw>
<status status="PASS" starttime="20210527 10:42:49.925" endtime="20210527 10:42:49.981"/>
</kw>
<status status="PASS" starttime="20210527 10:42:49.515" endtime="20210527 10:42:49.981"/>
</iter>
<iter>
<var name="${row}">{'Order number': '5', 'Head': '3', 'Body': '5', 'Legs': '1', 'Address': 'Address 2'}</var>
<kw name="Close the annoying modal">
<kw name="Click" library="RPA.Browser.Playwright">
<arg>text="OK"</arg>
<tag>PageContent</tag>
<tag>Setter</tag>
<doc>Simulates mouse click on the element found by ``selector``.</doc>
<status status="PASS" starttime="20210527 10:42:49.982" endtime="20210527 10:42:50.027"/>
</kw>
<status status="PASS" starttime="20210527 10:42:49.982" endtime="20210527 10:42:50.028"/>
</kw>
<kw name="Fill the form">
<arg>${row}</arg>
<kw name="Log" library="BuiltIn">
<arg>${row}[Order number]</arg>
<doc>Logs the given message with the given level.</doc>
<msg timestamp="20210527 10:42:50.028" level="INFO">5</msg>
<status status="PASS" starttime="20210527 10:42:50.028" endtime="20210527 10:42:50.028"/>
</kw>
<kw name="Select Options By" library="RPA.Browser.Playwright">
<arg>css=#head</arg>
<arg>value</arg>
<arg>${row}[Head]</arg>
<tag>PageContent</tag>
<tag>Setter</tag>
<doc>Selects options from select element found by ``selector``.</doc>
<status status="PASS" starttime="20210527 10:42:50.029" endtime="20210527 10:42:50.041"/>
</kw>
<kw name="Catenate" library="BuiltIn">
<var>${BodyRadioButton}</var>
<arg>SEPARATOR=</arg>
<arg>id-body-</arg>
<arg>${row}[Body]</arg>
<doc>Catenates the given items together and returns the resulted string.</doc>
<msg timestamp="20210527 10:42:50.041" level="INFO">${BodyRadioButton} = id-body-5</msg>
<status status="PASS" starttime="20210527 10:42:50.041" endtime="20210527 10:42:50.041"/>
</kw>
<kw name="Check Checkbox" library="RPA.Browser.Playwright">
<arg>//*[@id="${BodyRadioButton}"]</arg>
<tag>PageContent</tag>
<tag>Setter</tag>
<doc>Checks the checkbox or selects radio button found by ``selector``.</doc>
<status status="PASS" starttime="20210527 10:42:50.041" endtime="20210527 10:42:50.077"/>
</kw>
<kw name="Type Text" library="RPA.Browser.Playwright">
<arg>//*[@id="address"]</arg>
<arg>${row}[Address]</arg>
<tag>PageContent</tag>
<tag>Setter</tag>
<doc>Types the given ``txt`` into the text field found by ``selector``.</doc>
<msg timestamp="20210527 10:42:50.078" level="INFO">Types the text 'Address 2' in the given field.</msg>
<status status="PASS" starttime="20210527 10:42:50.078" endtime="20210527 10:42:50.110"/>
</kw>
<kw name="Keyboard Key" library="RPA.Browser.Playwright">
<arg>down</arg>
<arg>Shift</arg>
<tag>PageContent</tag>
<tag>Setter</tag>
<doc>Press a keyboard key on the virtual keyboard or set a key up or down.</doc>
<status status="PASS" starttime="20210527 10:42:50.111" endtime="20210527 10:42:50.113"/>
</kw>
<kw name="Keyboard Key" library="RPA.Browser.Playwright">
<arg>down</arg>
<arg>Tab</arg>
<tag>PageContent</tag>
<tag>Setter</tag>
<doc>Press a keyboard key on the virtual keyboard or set a key up or down.</doc>
<status status="PASS" starttime="20210527 10:42:50.113" endtime="20210527 10:42:50.117"/>
</kw>
<kw name="Keyboard Key" library="RPA.Browser.Playwright">
<arg>up</arg>
<arg>Shift</arg>
<tag>PageContent</tag>
<tag>Setter</tag>
<doc>Press a keyboard key on the virtual keyboard or set a key up or down.</doc>
<status status="PASS" starttime="20210527 10:42:50.117" endtime="20210527 10:42:50.121"/>
</kw>
<kw name="Keyboard Input" library="RPA.Browser.Playwright">
<arg>type</arg>
<arg>${row}[Legs]</arg>
<tag>PageContent</tag>
<tag>Setter</tag>
<doc>Input text into page with virtual keyboard.</doc>
<status status="PASS" starttime="20210527 10:42:50.121" endtime="20210527 10:42:50.125"/>
</kw>
<status status="PASS" starttime="20210527 10:42:50.028" endtime="20210527 10:42:50.125"/>
</kw>
<kw name="Preview the robot">
<kw name="Click" library="RPA.Browser.Playwright">
<arg>//*[@id="preview"]</arg>
<tag>PageContent</tag>
<tag>Setter</tag>
<doc>Simulates mouse click on the element found by ``selector``.</doc>
<status status="PASS" starttime="20210527 10:42:50.126" endtime="20210527 10:42:50.173"/>
</kw>
<status status="PASS" starttime="20210527 10:42:50.126" endtime="20210527 10:42:50.173"/>
</kw>
<kw name="Submit the order">
<kw name="Wait Until Keyword Succeeds" library="BuiltIn">
<arg>10x</arg>
<arg>1 s</arg>
<arg>Submit the order and read expected order info</arg>
<doc>Runs the specified keyword and retries if it fails.</doc>
<kw name="Submit the order and read expected order info">
<kw name="Click" library="RPA.Browser.Playwright">
<arg>//*[@id="order"]</arg>
<tag>PageContent</tag>
<tag>Setter</tag>
<doc>Simulates mouse click on the element found by ``selector``.</doc>
<status status="PASS" starttime="20210527 10:42:50.175" endtime="20210527 10:42:50.229"/>
</kw>
<kw name="Get Property" library="RPA.Browser.Playwright">
<var>${order_results_html}</var>
<arg>//*[@id="receipt"]</arg>
<arg>outerHTML</arg>
<tag>Assertion</tag>
<tag>Getter</tag>
<tag>PageContent</tag>
<doc>Returns the ``property`` of the element found by ``selector``.</doc>
<msg timestamp="20210527 10:42:50.245" level="INFO">${order_results_html} = &lt;div id="receipt" class="alert alert-success" role="alert"&gt;&lt;h3&gt;Receipt&lt;/h3&gt;&lt;div&gt;2021-05-27T08:42:50.223Z&lt;/div&gt;&lt;p class="badge badge-success"&gt;RSB-ROBO-ORDER-T744ENAPR&lt;/p&gt;&lt;p&gt;Address 2&lt;/p&gt;&lt;div id="parts"...</msg>
<status status="PASS" starttime="20210527 10:42:50.229" endtime="20210527 10:42:50.245"/>
</kw>
<status status="PASS" starttime="20210527 10:42:50.174" endtime="20210527 10:42:50.245"/>
</kw>
<status status="PASS" starttime="20210527 10:42:50.174" endtime="20210527 10:42:50.245"/>
</kw>
<status status="PASS" starttime="20210527 10:42:50.174" endtime="20210527 10:42:50.246"/>
</kw>
<kw name="Store the receipt as a PDF file">
<var>${pdf}</var>
<arg>${row}[Order number]</arg>
<kw name="Maak directory als die nog niet bestaat">
<var>${TargetDirectory}</var>
<arg>receipts</arg>
<kw name="Catenate" library="BuiltIn">
<var>${TargetDirectory}</var>
<arg>SEPARATOR=</arg>
<arg>${OUTPUT_DIR}${/}</arg>
<arg>${DirectoryNaam}</arg>
<doc>Catenates the given items together and returns the resulted string.</doc>
<msg timestamp="20210527 10:42:50.247" level="INFO">${TargetDirectory} = c:\Users\gmell\OneDrive\Rbc-Repo\Robocorp level II certification course\receipts</msg>
<status status="PASS" starttime="20210527 10:42:50.246" endtime="20210527 10:42:50.247"/>
</kw>
<kw name="Does Directory Exist" library="RPA.FileSystem">
<var>${DirectoryExists}</var>
<arg>${TargetDirectory}</arg>
<doc>Returns True if the given directory exists, False if not.</doc>
<msg timestamp="20210527 10:42:50.248" level="INFO">${DirectoryExists} = True</msg>
<status status="PASS" starttime="20210527 10:42:50.247" endtime="20210527 10:42:50.248"/>
</kw>
<if>
<branch type="IF" condition="${DirectoryExists} == ${False}">
<kw name="Create Directory" library="RPA.FileSystem">
<arg>${TargetDirectory}</arg>
<doc>Creates a directory and (optionally) non-existing parent directories.</doc>
<status status="NOT RUN" starttime="20210527 10:42:50.248" endtime="20210527 10:42:50.248"/>
</kw>
<status status="NOT RUN" starttime="20210527 10:42:50.248" endtime="20210527 10:42:50.248"/>
</branch>
<status status="PASS" starttime="20210527 10:42:50.248" endtime="20210527 10:42:50.249"/>
</if>
<msg timestamp="20210527 10:42:50.249" level="INFO">${TargetDirectory} = c:\Users\gmell\OneDrive\Rbc-Repo\Robocorp level II certification course\receipts</msg>
<status status="PASS" starttime="20210527 10:42:50.246" endtime="20210527 10:42:50.249"/>
</kw>
<kw name="Get Property" library="RPA.Browser.Playwright">
<var>${order_results_html}</var>
<arg>//*[@id="receipt"]</arg>
<arg>outerHTML</arg>
<tag>Assertion</tag>
<tag>Getter</tag>
<tag>PageContent</tag>
<doc>Returns the ``property`` of the element found by ``selector``.</doc>
<msg timestamp="20210527 10:42:50.260" level="INFO">${order_results_html} = &lt;div id="receipt" class="alert alert-success" role="alert"&gt;&lt;h3&gt;Receipt&lt;/h3&gt;&lt;div&gt;2021-05-27T08:42:50.223Z&lt;/div&gt;&lt;p class="badge badge-success"&gt;RSB-ROBO-ORDER-T744ENAPR&lt;/p&gt;&lt;p&gt;Address 2&lt;/p&gt;&lt;div id="parts"...</msg>
<status status="PASS" starttime="20210527 10:42:50.249" endtime="20210527 10:42:50.260"/>
</kw>
<kw name="Html To Pdf" library="RPA.PDF">
<arg>${order_results_html}</arg>
<arg>${TargetDirectory}${/}${Ordernumber}.pdf</arg>
<doc>Generate a PDF file from HTML content.</doc>
<msg timestamp="20210527 10:42:50.261" level="INFO">Writing output to file c:\Users\gmell\OneDrive\Rbc-Repo\Robocorp level II certification course\receipts\5.pdf</msg>
<status status="PASS" starttime="20210527 10:42:50.260" endtime="20210527 10:42:50.262"/>
</kw>
<msg timestamp="20210527 10:42:50.263" level="INFO">${pdf} = c:\Users\gmell\OneDrive\Rbc-Repo\Robocorp level II certification course\receipts\5.pdf</msg>
<status status="PASS" starttime="20210527 10:42:50.246" endtime="20210527 10:42:50.263"/>
</kw>
<kw name="Take a screenshot of the robot">
<var>${screenshot}</var>
<arg>${row}[Order number]</arg>
<kw name="Maak directory als die nog niet bestaat">
<var>${TargetDirectory}</var>
<arg>screenshots</arg>
<kw name="Catenate" library="BuiltIn">
<var>${TargetDirectory}</var>
<arg>SEPARATOR=</arg>
<arg>${OUTPUT_DIR}${/}</arg>
<arg>${DirectoryNaam}</arg>
<doc>Catenates the given items together and returns the resulted string.</doc>
<msg timestamp="20210527 10:42:50.264" level="INFO">${TargetDirectory} = c:\Users\gmell\OneDrive\Rbc-Repo\Robocorp level II certification course\screenshots</msg>
<status status="PASS" starttime="20210527 10:42:50.264" endtime="20210527 10:42:50.264"/>
</kw>
<kw name="Does Directory Exist" library="RPA.FileSystem">
<var>${DirectoryExists}</var>
<arg>${TargetDirectory}</arg>
<doc>Returns True if the given directory exists, False if not.</doc>
<msg timestamp="20210527 10:42:50.265" level="INFO">${DirectoryExists} = True</msg>
<status status="PASS" starttime="20210527 10:42:50.264" endtime="20210527 10:42:50.265"/>
</kw>
<if>
<branch type="IF" condition="${DirectoryExists} == ${False}">
<kw name="Create Directory" library="RPA.FileSystem">
<arg>${TargetDirectory}</arg>
<doc>Creates a directory and (optionally) non-existing parent directories.</doc>
<status status="NOT RUN" starttime="20210527 10:42:50.265" endtime="20210527 10:42:50.265"/>
</kw>
<status status="NOT RUN" starttime="20210527 10:42:50.265" endtime="20210527 10:42:50.265"/>
</branch>
<status status="PASS" starttime="20210527 10:42:50.265" endtime="20210527 10:42:50.266"/>
</if>
<msg timestamp="20210527 10:42:50.266" level="INFO">${TargetDirectory} = c:\Users\gmell\OneDrive\Rbc-Repo\Robocorp level II certification course\screenshots</msg>
<status status="PASS" starttime="20210527 10:42:50.263" endtime="20210527 10:42:50.266"/>
</kw>
<kw name="Take Screenshot" library="RPA.Browser.Playwright">
<arg>${TargetDirectory}${/}${Ordernumber}</arg>
<arg>//*[@id="robot-preview-image"]</arg>
<tag>PageContent</tag>
<doc>Takes a screenshot of the current window and saves it.</doc>
<msg timestamp="20210527 10:42:50.390" level="INFO" html="true">&lt;/td&gt;&lt;/tr&gt;&lt;tr&gt;&lt;td colspan="3"&gt;&lt;a href="screenshots/5.png"&gt;&lt;img src="screenshots/5.png" width="800px"&gt;&lt;/a&gt;</msg>
<status status="PASS" starttime="20210527 10:42:50.266" endtime="20210527 10:42:50.390"/>
</kw>
<msg timestamp="20210527 10:42:50.391" level="INFO">${screenshot} = c:\Users\gmell\OneDrive\Rbc-Repo\Robocorp level II certification course\screenshots\5.PNG</msg>
<status status="PASS" starttime="20210527 10:42:50.263" endtime="20210527 10:42:50.391"/>
</kw>
<kw name="Embed the robot screenshot to the receipt PDF file">
<arg>${screenshot}</arg>
<arg>${pdf}</arg>
<kw name="Create List" library="BuiltIn">
<var>${files}</var>
<arg>${pdf}</arg>
<arg>${screenshot}:x=0,y=0</arg>
<doc>Returns a list containing given items.</doc>
<msg timestamp="20210527 10:42:50.392" level="INFO">${files} = ['c:\\Users\\gmell\\OneDrive\\Rbc-Repo\\Robocorp level II certification course\\receipts\\5.pdf', 'c:\\Users\\gmell\\OneDrive\\Rbc-Repo\\Robocorp level II certification course\\screenshots\\5.PNG:x=0,...</msg>
<status status="PASS" starttime="20210527 10:42:50.392" endtime="20210527 10:42:50.392"/>
</kw>
<kw name="Add Files To Pdf" library="RPA.PDF">
<arg>${files}</arg>
<arg>${pdf}</arg>
<doc>Add images and/or pdfs to new PDF document</doc>
<msg timestamp="20210527 10:42:50.393" level="INFO">File c:\Users\gmell\OneDrive\Rbc-Repo\Robocorp level II certification course\receipts\5.pdf type: None</msg>
<msg timestamp="20210527 10:42:50.397" level="INFO">File c:\Users\gmell\OneDrive\Rbc-Repo\Robocorp level II certification course\screenshots\5.PNG type: png</msg>
<msg timestamp="20210527 10:42:50.397" level="INFO">Image parameters: {'x': '0', 'y': '0'}</msg>
<status status="PASS" starttime="20210527 10:42:50.392" endtime="20210527 10:42:50.419"/>
</kw>
<status status="PASS" starttime="20210527 10:42:50.391" endtime="20210527 10:42:50.419"/>
</kw>
<kw name="Go to order another robot">
<arg>${WEBSITE_URL}</arg>
<kw name="Go To" library="RPA.Browser.Playwright">
<arg>${url}</arg>
<tag>BrowserControl</tag>
<tag>Setter</tag>
<doc>Navigates to the given ``url``.</doc>
<msg timestamp="20210527 10:42:50.477" level="INFO">Succesfully opened URL https://robotsparebinindustries.com/#/robot-order</msg>
<status status="PASS" starttime="20210527 10:42:50.420" endtime="20210527 10:42:50.478"/>
</kw>
<status status="PASS" starttime="20210527 10:42:50.420" endtime="20210527 10:42:50.478"/>
</kw>
<status status="PASS" starttime="20210527 10:42:49.982" endtime="20210527 10:42:50.478"/>
</iter>
<iter>
<var name="${row}">{'Order number': '6', 'Head': '1', 'Body': '6', 'Legs': '6', 'Address': 'Address 3'}</var>
<kw name="Close the annoying modal">
<kw name="Click" library="RPA.Browser.Playwright">
<arg>text="OK"</arg>
<tag>PageContent</tag>
<tag>Setter</tag>
<doc>Simulates mouse click on the element found by ``selector``.</doc>
<status status="PASS" starttime="20210527 10:42:50.479" endtime="20210527 10:42:50.528"/>
</kw>
<status status="PASS" starttime="20210527 10:42:50.478" endtime="20210527 10:42:50.529"/>
</kw>
<kw name="Fill the form">
<arg>${row}</arg>
<kw name="Log" library="BuiltIn">
<arg>${row}[Order number]</arg>
<doc>Logs the given message with the given level.</doc>
<msg timestamp="20210527 10:42:50.529" level="INFO">6</msg>
<status status="PASS" starttime="20210527 10:42:50.529" endtime="20210527 10:42:50.530"/>
</kw>
<kw name="Select Options By" library="RPA.Browser.Playwright">
<arg>css=#head</arg>
<arg>value</arg>
<arg>${row}[Head]</arg>
<tag>PageContent</tag>
<tag>Setter</tag>
<doc>Selects options from select element found by ``selector``.</doc>
<status status="PASS" starttime="20210527 10:42:50.530" endtime="20210527 10:42:50.541"/>
</kw>
<kw name="Catenate" library="BuiltIn">
<var>${BodyRadioButton}</var>
<arg>SEPARATOR=</arg>
<arg>id-body-</arg>
<arg>${row}[Body]</arg>
<doc>Catenates the given items together and returns the resulted string.</doc>
<msg timestamp="20210527 10:42:50.542" level="INFO">${BodyRadioButton} = id-body-6</msg>
<status status="PASS" starttime="20210527 10:42:50.542" endtime="20210527 10:42:50.542"/>
</kw>
<kw name="Check Checkbox" library="RPA.Browser.Playwright">
<arg>//*[@id="${BodyRadioButton}"]</arg>
<tag>PageContent</tag>
<tag>Setter</tag>
<doc>Checks the checkbox or selects radio button found by ``selector``.</doc>
<status status="PASS" starttime="20210527 10:42:50.542" endtime="20210527 10:42:50.579"/>
</kw>
<kw name="Type Text" library="RPA.Browser.Playwright">
<arg>//*[@id="address"]</arg>
<arg>${row}[Address]</arg>
<tag>PageContent</tag>
<tag>Setter</tag>
<doc>Types the given ``txt`` into the text field found by ``selector``.</doc>
<msg timestamp="20210527 10:42:50.580" level="INFO">Types the text 'Address 3' in the given field.</msg>
<status status="PASS" starttime="20210527 10:42:50.579" endtime="20210527 10:42:50.612"/>
</kw>
<kw name="Keyboard Key" library="RPA.Browser.Playwright">
<arg>down</arg>
<arg>Shift</arg>
<tag>PageContent</tag>
<tag>Setter</tag>
<doc>Press a keyboard key on the virtual keyboard or set a key up or down.</doc>
<status status="PASS" starttime="20210527 10:42:50.612" endtime="20210527 10:42:50.615"/>
</kw>
<kw name="Keyboard Key" library="RPA.Browser.Playwright">
<arg>down</arg>
<arg>Tab</arg>
<tag>PageContent</tag>
<tag>Setter</tag>
<doc>Press a keyboard key on the virtual keyboard or set a key up or down.</doc>
<status status="PASS" starttime="20210527 10:42:50.615" endtime="20210527 10:42:50.620"/>
</kw>
<kw name="Keyboard Key" library="RPA.Browser.Playwright">
<arg>up</arg>
<arg>Shift</arg>
<tag>PageContent</tag>
<tag>Setter</tag>
<doc>Press a keyboard key on the virtual keyboard or set a key up or down.</doc>
<status status="PASS" starttime="20210527 10:42:50.621" endtime="20210527 10:42:50.624"/>
</kw>
<kw name="Keyboard Input" library="RPA.Browser.Playwright">
<arg>type</arg>
<arg>${row}[Legs]</arg>
<tag>PageContent</tag>
<tag>Setter</tag>
<doc>Input text into page with virtual keyboard.</doc>
<status status="PASS" starttime="20210527 10:42:50.625" endtime="20210527 10:42:50.629"/>
</kw>
<status status="PASS" starttime="20210527 10:42:50.529" endtime="20210527 10:42:50.629"/>
</kw>
<kw name="Preview the robot">
<kw name="Click" library="RPA.Browser.Playwright">
<arg>//*[@id="preview"]</arg>
<tag>PageContent</tag>
<tag>Setter</tag>
<doc>Simulates mouse click on the element found by ``selector``.</doc>
<status status="PASS" starttime="20210527 10:42:50.630" endtime="20210527 10:42:50.691"/>
</kw>
<status status="PASS" starttime="20210527 10:42:50.629" endtime="20210527 10:42:50.691"/>
</kw>
<kw name="Submit the order">
<kw name="Wait Until Keyword Succeeds" library="BuiltIn">
<arg>10x</arg>
<arg>1 s</arg>
<arg>Submit the order and read expected order info</arg>
<doc>Runs the specified keyword and retries if it fails.</doc>
<kw name="Submit the order and read expected order info">
<kw name="Click" library="RPA.Browser.Playwright">
<arg>//*[@id="order"]</arg>
<tag>PageContent</tag>
<tag>Setter</tag>
<doc>Simulates mouse click on the element found by ``selector``.</doc>
[...]
<status status="PASS" starttime="20210527 10:44:05.471" endtime="20210527 10:44:05.471"/>
</kw>
<kw name="Does Directory Exist" library="RPA.FileSystem">
<var>${DirectoryExists}</var>
<arg>${TargetDirectory}</arg>
<doc>Returns True if the given directory exists, False if not.</doc>
<msg timestamp="20210527 10:44:05.472" level="INFO">${DirectoryExists} = True</msg>
<status status="PASS" starttime="20210527 10:44:05.471" endtime="20210527 10:44:05.472"/>
</kw>
<if>
<branch type="IF" condition="${DirectoryExists} == ${False}">
<kw name="Create Directory" library="RPA.FileSystem">
<arg>${TargetDirectory}</arg>
<doc>Creates a directory and (optionally) non-existing parent directories.</doc>
<status status="NOT RUN" starttime="20210527 10:44:05.472" endtime="20210527 10:44:05.473"/>
</kw>
<status status="NOT RUN" starttime="20210527 10:44:05.472" endtime="20210527 10:44:05.473"/>
</branch>
<status status="PASS" starttime="20210527 10:44:05.472" endtime="20210527 10:44:05.473"/>
</if>
<msg timestamp="20210527 10:44:05.473" level="INFO">${TargetDirectory} = c:\Users\gmell\OneDrive\Rbc-Repo\Robocorp level II certification course\screenshots</msg>
<status status="PASS" starttime="20210527 10:44:05.469" endtime="20210527 10:44:05.473"/>
</kw>
<kw name="Take Screenshot" library="RPA.Browser.Playwright">
<arg>${TargetDirectory}${/}${Ordernumber}</arg>
<arg>//*[@id="robot-preview-image"]</arg>
<tag>PageContent</tag>
<doc>Takes a screenshot of the current window and saves it.</doc>
<msg timestamp="20210527 10:44:05.599" level="INFO" html="true">&lt;/td&gt;&lt;/tr&gt;&lt;tr&gt;&lt;td colspan="3"&gt;&lt;a href="screenshots/19.png"&gt;&lt;img src="screenshots/19.png" width="800px"&gt;&lt;/a&gt;</msg>
<status status="PASS" starttime="20210527 10:44:05.473" endtime="20210527 10:44:05.599"/>
</kw>
<msg timestamp="20210527 10:44:05.599" level="INFO">${screenshot} = c:\Users\gmell\OneDrive\Rbc-Repo\Robocorp level II certification course\screenshots\19.PNG</msg>
<status status="PASS" starttime="20210527 10:44:05.469" endtime="20210527 10:44:05.599"/>
</kw>
<kw name="Embed the robot screenshot to the receipt PDF file">
<arg>${screenshot}</arg>
<arg>${pdf}</arg>
<kw name="Create List" library="BuiltIn">
<var>${files}</var>
<arg>${pdf}</arg>
<arg>${screenshot}:x=0,y=0</arg>
<doc>Returns a list containing given items.</doc>
<msg timestamp="20210527 10:44:05.600" level="INFO">${files} = ['c:\\Users\\gmell\\OneDrive\\Rbc-Repo\\Robocorp level II certification course\\receipts\\19.pdf', 'c:\\Users\\gmell\\OneDrive\\Rbc-Repo\\Robocorp level II certification course\\screenshots\\19.PNG:x=...</msg>
<status status="PASS" starttime="20210527 10:44:05.600" endtime="20210527 10:44:05.600"/>
</kw>
<kw name="Add Files To Pdf" library="RPA.PDF">
<arg>${files}</arg>
<arg>${pdf}</arg>
<doc>Add images and/or pdfs to new PDF document</doc>
<msg timestamp="20210527 10:44:05.601" level="INFO">File c:\Users\gmell\OneDrive\Rbc-Repo\Robocorp level II certification course\receipts\19.pdf type: None</msg>
<msg timestamp="20210527 10:44:05.604" level="INFO">File c:\Users\gmell\OneDrive\Rbc-Repo\Robocorp level II certification course\screenshots\19.PNG type: png</msg>
<msg timestamp="20210527 10:44:05.604" level="INFO">Image parameters: {'x': '0', 'y': '0'}</msg>
<status status="PASS" starttime="20210527 10:44:05.601" endtime="20210527 10:44:05.619"/>
</kw>
<status status="PASS" starttime="20210527 10:44:05.600" endtime="20210527 10:44:05.620"/>
</kw>
<kw name="Go to order another robot">
<arg>${WEBSITE_URL}</arg>
<kw name="Go To" library="RPA.Browser.Playwright">
<arg>${url}</arg>
<tag>BrowserControl</tag>
<tag>Setter</tag>
<doc>Navigates to the given ``url``.</doc>
<msg timestamp="20210527 10:44:05.679" level="INFO">Succesfully opened URL https://robotsparebinindustries.com/#/robot-order</msg>
<status status="PASS" starttime="20210527 10:44:05.620" endtime="20210527 10:44:05.680"/>
</kw>
<status status="PASS" starttime="20210527 10:44:05.620" endtime="20210527 10:44:05.680"/>
</kw>
<status status="PASS" starttime="20210527 10:44:05.184" endtime="20210527 10:44:05.680"/>
</iter>
<iter>
<var name="${row}">{'Order number': '20', 'Head': '1', 'Body': '1', 'Legs': '5', 'Address': 'Address H'}</var>
<kw name="Close the annoying modal">
<kw name="Click" library="RPA.Browser.Playwright">
<arg>text="OK"</arg>
<tag>PageContent</tag>
<tag>Setter</tag>
<doc>Simulates mouse click on the element found by ``selector``.</doc>
<status status="PASS" starttime="20210527 10:44:05.681" endtime="20210527 10:44:05.736"/>
</kw>
<status status="PASS" starttime="20210527 10:44:05.680" endtime="20210527 10:44:05.736"/>
</kw>
<kw name="Fill the form">
<arg>${row}</arg>
<kw name="Log" library="BuiltIn">
<arg>${row}[Order number]</arg>
<doc>Logs the given message with the given level.</doc>
<msg timestamp="20210527 10:44:05.737" level="INFO">20</msg>
<status status="PASS" starttime="20210527 10:44:05.736" endtime="20210527 10:44:05.737"/>
</kw>
<kw name="Select Options By" library="RPA.Browser.Playwright">
<arg>css=#head</arg>
<arg>value</arg>
<arg>${row}[Head]</arg>
<tag>PageContent</tag>
<tag>Setter</tag>
<doc>Selects options from select element found by ``selector``.</doc>
<status status="PASS" starttime="20210527 10:44:05.737" endtime="20210527 10:44:05.748"/>
</kw>
<kw name="Catenate" library="BuiltIn">
<var>${BodyRadioButton}</var>
<arg>SEPARATOR=</arg>
<arg>id-body-</arg>
<arg>${row}[Body]</arg>
<doc>Catenates the given items together and returns the resulted string.</doc>
<msg timestamp="20210527 10:44:05.749" level="INFO">${BodyRadioButton} = id-body-1</msg>
<status status="PASS" starttime="20210527 10:44:05.748" endtime="20210527 10:44:05.749"/>
</kw>
<kw name="Check Checkbox" library="RPA.Browser.Playwright">
<arg>//*[@id="${BodyRadioButton}"]</arg>
<tag>PageContent</tag>
<tag>Setter</tag>
<doc>Checks the checkbox or selects radio button found by ``selector``.</doc>
<status status="PASS" starttime="20210527 10:44:05.749" endtime="20210527 10:44:05.784"/>
</kw>
<kw name="Type Text" library="RPA.Browser.Playwright">
<arg>//*[@id="address"]</arg>
<arg>${row}[Address]</arg>
<tag>PageContent</tag>
<tag>Setter</tag>
<doc>Types the given ``txt`` into the text field found by ``selector``.</doc>
<msg timestamp="20210527 10:44:05.784" level="INFO">Types the text 'Address H' in the given field.</msg>
<status status="PASS" starttime="20210527 10:44:05.784" endtime="20210527 10:44:05.808"/>
</kw>
<kw name="Keyboard Key" library="RPA.Browser.Playwright">
<arg>down</arg>
<arg>Shift</arg>
<tag>PageContent</tag>
<tag>Setter</tag>
<doc>Press a keyboard key on the virtual keyboard or set a key up or down.</doc>
<status status="PASS" starttime="20210527 10:44:05.809" endtime="20210527 10:44:05.813"/>
</kw>
<kw name="Keyboard Key" library="RPA.Browser.Playwright">
<arg>down</arg>
<arg>Tab</arg>
<tag>PageContent</tag>
<tag>Setter</tag>
<doc>Press a keyboard key on the virtual keyboard or set a key up or down.</doc>
<status status="PASS" starttime="20210527 10:44:05.813" endtime="20210527 10:44:05.818"/>
</kw>
<kw name="Keyboard Key" library="RPA.Browser.Playwright">
<arg>up</arg>
<arg>Shift</arg>
<tag>PageContent</tag>
<tag>Setter</tag>
<doc>Press a keyboard key on the virtual keyboard or set a key up or down.</doc>
<status status="PASS" starttime="20210527 10:44:05.819" endtime="20210527 10:44:05.822"/>
</kw>
<kw name="Keyboard Input" library="RPA.Browser.Playwright">
<arg>type</arg>
<arg>${row}[Legs]</arg>
<tag>PageContent</tag>
<tag>Setter</tag>
<doc>Input text into page with virtual keyboard.</doc>
<status status="PASS" starttime="20210527 10:44:05.822" endtime="20210527 10:44:05.827"/>
</kw>
<status status="PASS" starttime="20210527 10:44:05.736" endtime="20210527 10:44:05.827"/>
</kw>
<kw name="Preview the robot">
<kw name="Click" library="RPA.Browser.Playwright">
<arg>//*[@id="preview"]</arg>
<tag>PageContent</tag>
<tag>Setter</tag>
<doc>Simulates mouse click on the element found by ``selector``.</doc>
<status status="PASS" starttime="20210527 10:44:05.828" endtime="20210527 10:44:05.876"/>
</kw>
<status status="PASS" starttime="20210527 10:44:05.828" endtime="20210527 10:44:05.877"/>
</kw>
<kw name="Submit the order">
<kw name="Wait Until Keyword Succeeds" library="BuiltIn">
<arg>10x</arg>
<arg>1 s</arg>
<arg>Submit the order and read expected order info</arg>
<doc>Runs the specified keyword and retries if it fails.</doc>
<kw name="Submit the order and read expected order info">
<kw name="Click" library="RPA.Browser.Playwright">
<arg>//*[@id="order"]</arg>
<tag>PageContent</tag>
<tag>Setter</tag>
<doc>Simulates mouse click on the element found by ``selector``.</doc>
<status status="PASS" starttime="20210527 10:44:05.879" endtime="20210527 10:44:05.942"/>
</kw>
<kw name="Get Property" library="RPA.Browser.Playwright">
<var>${order_results_html}</var>
<arg>//*[@id="receipt"]</arg>
<arg>outerHTML</arg>
<tag>Assertion</tag>
<tag>Getter</tag>
<tag>PageContent</tag>
<doc>Returns the ``property`` of the element found by ``selector``.</doc>
<msg timestamp="20210527 10:44:05.958" level="INFO">${order_results_html} = &lt;div id="receipt" class="alert alert-success" role="alert"&gt;&lt;h3&gt;Receipt&lt;/h3&gt;&lt;div&gt;2021-05-27T08:44:05.934Z&lt;/div&gt;&lt;p class="badge badge-success"&gt;RSB-ROBO-ORDER-TR5N0P5MA&lt;/p&gt;&lt;p&gt;Address H&lt;/p&gt;&lt;div id="parts"...</msg>
<status status="PASS" starttime="20210527 10:44:05.943" endtime="20210527 10:44:05.958"/>
</kw>
<status status="PASS" starttime="20210527 10:44:05.878" endtime="20210527 10:44:05.958"/>
</kw>
<status status="PASS" starttime="20210527 10:44:05.878" endtime="20210527 10:44:05.959"/>
</kw>
<status status="PASS" starttime="20210527 10:44:05.877" endtime="20210527 10:44:05.959"/>
</kw>
<kw name="Store the receipt as a PDF file">
<var>${pdf}</var>
<arg>${row}[Order number]</arg>
<kw name="Maak directory als die nog niet bestaat">
<var>${TargetDirectory}</var>
<arg>receipts</arg>
<kw name="Catenate" library="BuiltIn">
<var>${TargetDirectory}</var>
<arg>SEPARATOR=</arg>
<arg>${OUTPUT_DIR}${/}</arg>
<arg>${DirectoryNaam}</arg>
<doc>Catenates the given items together and returns the resulted string.</doc>
<msg timestamp="20210527 10:44:05.960" level="INFO">${TargetDirectory} = c:\Users\gmell\OneDrive\Rbc-Repo\Robocorp level II certification course\receipts</msg>
<status status="PASS" starttime="20210527 10:44:05.960" endtime="20210527 10:44:05.960"/>
</kw>
<kw name="Does Directory Exist" library="RPA.FileSystem">
<var>${DirectoryExists}</var>
<arg>${TargetDirectory}</arg>
<doc>Returns True if the given directory exists, False if not.</doc>
<msg timestamp="20210527 10:44:05.961" level="INFO">${DirectoryExists} = True</msg>
<status status="PASS" starttime="20210527 10:44:05.960" endtime="20210527 10:44:05.961"/>
</kw>
<if>
<branch type="IF" condition="${DirectoryExists} == ${False}">
<kw name="Create Directory" library="RPA.FileSystem">
<arg>${TargetDirectory}</arg>
<doc>Creates a directory and (optionally) non-existing parent directories.</doc>
<status status="NOT RUN" starttime="20210527 10:44:05.962" endtime="20210527 10:44:05.962"/>
</kw>
<status status="NOT RUN" starttime="20210527 10:44:05.962" endtime="20210527 10:44:05.962"/>
</branch>
<status status="PASS" starttime="20210527 10:44:05.961" endtime="20210527 10:44:05.962"/>
</if>
<msg timestamp="20210527 10:44:05.962" level="INFO">${TargetDirectory} = c:\Users\gmell\OneDrive\Rbc-Repo\Robocorp level II certification course\receipts</msg>
<status status="PASS" starttime="20210527 10:44:05.959" endtime="20210527 10:44:05.962"/>
</kw>
<kw name="Get Property" library="RPA.Browser.Playwright">
<var>${order_results_html}</var>
<arg>//*[@id="receipt"]</arg>
<arg>outerHTML</arg>
<tag>Assertion</tag>
<tag>Getter</tag>
<tag>PageContent</tag>
<doc>Returns the ``property`` of the element found by ``selector``.</doc>
<msg timestamp="20210527 10:44:05.971" level="INFO">${order_results_html} = &lt;div id="receipt" class="alert alert-success" role="alert"&gt;&lt;h3&gt;Receipt&lt;/h3&gt;&lt;div&gt;2021-05-27T08:44:05.934Z&lt;/div&gt;&lt;p class="badge badge-success"&gt;RSB-ROBO-ORDER-TR5N0P5MA&lt;/p&gt;&lt;p&gt;Address H&lt;/p&gt;&lt;div id="parts"...</msg>
<status status="PASS" starttime="20210527 10:44:05.963" endtime="20210527 10:44:05.971"/>
</kw>
<kw name="Html To Pdf" library="RPA.PDF">
<arg>${order_results_html}</arg>
<arg>${TargetDirectory}${/}${Ordernumber}.pdf</arg>
<doc>Generate a PDF file from HTML content.</doc>
<msg timestamp="20210527 10:44:05.972" level="INFO">Writing output to file c:\Users\gmell\OneDrive\Rbc-Repo\Robocorp level II certification course\receipts\20.pdf</msg>
<status status="PASS" starttime="20210527 10:44:05.972" endtime="20210527 10:44:05.974"/>
</kw>
<msg timestamp="20210527 10:44:05.974" level="INFO">${pdf} = c:\Users\gmell\OneDrive\Rbc-Repo\Robocorp level II certification course\receipts\20.pdf</msg>
<status status="PASS" starttime="20210527 10:44:05.959" endtime="20210527 10:44:05.974"/>
</kw>
<kw name="Take a screenshot of the robot">
<var>${screenshot}</var>
<arg>${row}[Order number]</arg>
<kw name="Maak directory als die nog niet bestaat">
<var>${TargetDirectory}</var>
<arg>screenshots</arg>
<kw name="Catenate" library="BuiltIn">
<var>${TargetDirectory}</var>
<arg>SEPARATOR=</arg>
<arg>${OUTPUT_DIR}${/}</arg>
<arg>${DirectoryNaam}</arg>
<doc>Catenates the given items together and returns the resulted string.</doc>
<msg timestamp="20210527 10:44:05.976" level="INFO">${TargetDirectory} = c:\Users\gmell\OneDrive\Rbc-Repo\Robocorp level II certification course\screenshots</msg>
<status status="PASS" starttime="20210527 10:44:05.975" endtime="20210527 10:44:05.976"/>
</kw>
<kw name="Does Directory Exist" library="RPA.FileSystem">
<var>${DirectoryExists}</var>
<arg>${TargetDirectory}</arg>
<doc>Returns True if the given directory exists, False if not.</doc>
<msg timestamp="20210527 10:44:05.977" level="INFO">${DirectoryExists} = True</msg>
<status status="PASS" starttime="20210527 10:44:05.976" endtime="20210527 10:44:05.977"/>
</kw>
<if>
<branch type="IF" condition="${DirectoryExists} == ${False}">
<kw name="Create Directory" library="RPA.FileSystem">
<arg>${TargetDirectory}</arg>
<doc>Creates a directory and (optionally) non-existing parent directories.</doc>
<status status="NOT RUN" starttime="20210527 10:44:05.977" endtime="20210527 10:44:05.977"/>
</kw>
<status status="NOT RUN" starttime="20210527 10:44:05.977" endtime="20210527 10:44:05.977"/>
</branch>
<status status="PASS" starttime="20210527 10:44:05.977" endtime="20210527 10:44:05.978"/>
</if>
<msg timestamp="20210527 10:44:05.978" level="INFO">${TargetDirectory} = c:\Users\gmell\OneDrive\Rbc-Repo\Robocorp level II certification course\screenshots</msg>
<status status="PASS" starttime="20210527 10:44:05.975" endtime="20210527 10:44:05.978"/>
</kw>
<kw name="Take Screenshot" library="RPA.Browser.Playwright">
<arg>${TargetDirectory}${/}${Ordernumber}</arg>
<arg>//*[@id="robot-preview-image"]</arg>
<tag>PageContent</tag>
<doc>Takes a screenshot of the current window and saves it.</doc>
<msg timestamp="20210527 10:44:06.115" level="INFO" html="true">&lt;/td&gt;&lt;/tr&gt;&lt;tr&gt;&lt;td colspan="3"&gt;&lt;a href="screenshots/20.png"&gt;&lt;img src="screenshots/20.png" width="800px"&gt;&lt;/a&gt;</msg>
<status status="PASS" starttime="20210527 10:44:05.978" endtime="20210527 10:44:06.115"/>
</kw>
<msg timestamp="20210527 10:44:06.115" level="INFO">${screenshot} = c:\Users\gmell\OneDrive\Rbc-Repo\Robocorp level II certification course\screenshots\20.PNG</msg>
<status status="PASS" starttime="20210527 10:44:05.975" endtime="20210527 10:44:06.115"/>
</kw>
<kw name="Embed the robot screenshot to the receipt PDF file">
<arg>${screenshot}</arg>
<arg>${pdf}</arg>
<kw name="Create List" library="BuiltIn">
<var>${files}</var>
<arg>${pdf}</arg>
<arg>${screenshot}:x=0,y=0</arg>
<doc>Returns a list containing given items.</doc>
<msg timestamp="20210527 10:44:06.117" level="INFO">${files} = ['c:\\Users\\gmell\\OneDrive\\Rbc-Repo\\Robocorp level II certification course\\receipts\\20.pdf', 'c:\\Users\\gmell\\OneDrive\\Rbc-Repo\\Robocorp level II certification course\\screenshots\\20.PNG:x=...</msg>
<status status="PASS" starttime="20210527 10:44:06.116" endtime="20210527 10:44:06.117"/>
</kw>
<kw name="Add Files To Pdf" library="RPA.PDF">
<arg>${files}</arg>
<arg>${pdf}</arg>
<doc>Add images and/or pdfs to new PDF document</doc>
<msg timestamp="20210527 10:44:06.118" level="INFO">File c:\Users\gmell\OneDrive\Rbc-Repo\Robocorp level II certification course\receipts\20.pdf type: None</msg>
<msg timestamp="20210527 10:44:06.121" level="INFO">File c:\Users\gmell\OneDrive\Rbc-Repo\Robocorp level II certification course\screenshots\20.PNG type: png</msg>
<msg timestamp="20210527 10:44:06.121" level="INFO">Image parameters: {'x': '0', 'y': '0'}</msg>
<status status="PASS" starttime="20210527 10:44:06.117" endtime="20210527 10:44:06.137"/>
</kw>
<status status="PASS" starttime="20210527 10:44:06.115" endtime="20210527 10:44:06.138"/>
</kw>
<kw name="Go to order another robot">
<arg>${WEBSITE_URL}</arg>
<kw name="Go To" library="RPA.Browser.Playwright">
<arg>${url}</arg>
<tag>BrowserControl</tag>
<tag>Setter</tag>
<doc>Navigates to the given ``url``.</doc>
<msg timestamp="20210527 10:44:06.188" level="INFO">Succesfully opened URL https://robotsparebinindustries.com/#/robot-order</msg>
<status status="PASS" starttime="20210527 10:44:06.138" endtime="20210527 10:44:06.188"/>
</kw>
<status status="PASS" starttime="20210527 10:44:06.138" endtime="20210527 10:44:06.188"/>
</kw>
<status status="PASS" starttime="20210527 10:44:05.680" endtime="20210527 10:44:06.188"/>
</iter>
<status status="PASS" starttime="20210527 10:42:47.783" endtime="20210527 10:44:06.189"/>
</for>
<status status="PASS" starttime="20210527 10:42:47.783" endtime="20210527 10:44:06.189"/>
</branch>
<status status="PASS" starttime="20210527 10:42:47.783" endtime="20210527 10:44:06.189"/>
</if>
<kw name=" Create a ZIP file of the receipts">
<kw name="Set Variable" library="BuiltIn">
<var>${zip_file_name}</var>
<arg>${OUTPUT_DIR}${/}receipts.zip</arg>
<doc>Returns the given values which can then be assigned to a variables.</doc>
<msg timestamp="20210527 10:44:06.191" level="INFO">${zip_file_name} = c:\Users\gmell\OneDrive\Rbc-Repo\Robocorp level II certification course\receipts.zip</msg>
<status status="PASS" starttime="20210527 10:44:06.190" endtime="20210527 10:44:06.191"/>
</kw>
<kw name="Archive Folder With Zip" library="RPA.Archive">
<arg>${OUTPUT_DIR}${/}receipts</arg>
<arg>${zip_file_name}</arg>
<doc>Create a zip archive of a folder</doc>
<status status="PASS" starttime="20210527 10:44:06.191" endtime="20210527 10:44:06.201"/>
</kw>
<status status="PASS" starttime="20210527 10:44:06.189" endtime="20210527 10:44:06.201"/>
</kw>
<status status="PASS" starttime="20210527 10:42:20.150" endtime="20210527 10:44:06.201"/>
</test>
<test id="s1-t2" name="Minimal task">
<kw name="Log" library="BuiltIn">
<arg>Done.</arg>
<doc>Logs the given message with the given level.</doc>
<msg timestamp="20210527 10:44:06.258" level="INFO">Done.</msg>
<status status="PASS" starttime="20210527 10:44:06.258" endtime="20210527 10:44:06.258"/>
</kw>
<status status="PASS" starttime="20210527 10:44:06.255" endtime="20210527 10:44:06.259"/>
</test>
<doc>Orders robots from RobotSpareBin Industries Inc.
Saves the order HTML receipt as a PDF file.
Saves the screenshot of the ordered robot.
Embeds the screenshot of the robot to the PDF receipt.
Creates ZIP archive of the receipts and the images.</doc>
<status status="PASS" starttime="20210527 10:42:18.620" endtime="20210527 10:44:06.262"/>
</suite>
<statistics>
<total>
<stat pass="2" fail="0" skip="0">All Tasks</stat>
</total>
<tag>
</tag>
<suite>
<stat pass="2" fail="0" skip="0" id="s1" name="Tasks">Tasks</stat>
</suite>
</statistics>
<errors>
</errors>
</robot>
